{"numTotalTestSuites":77,"numPassedTestSuites":69,"numFailedTestSuites":8,"numPendingTestSuites":0,"numTotalTests":244,"numPassedTests":235,"numFailedTests":9,"numPendingTests":0,"numTodoTests":0,"snapshot":{"added":0,"failure":false,"filesAdded":0,"filesRemoved":0,"filesRemovedList":[],"filesUnmatched":0,"filesUpdated":0,"matched":0,"total":0,"unchecked":0,"uncheckedKeysByFile":[],"unmatched":0,"updated":0,"didUpdate":false},"startTime":1773400104286,"success":false,"testResults":[{"assertionResults":[{"ancestorTitles":["aml API"],"fullName":"aml API lists AML alerts without params","status":"passed","title":"lists AML alerts without params","duration":9.615200000000186,"failureMessages":[],"meta":{}},{"ancestorTitles":["aml API"],"fullName":"aml API lists AML alerts with filters","status":"passed","title":"lists AML alerts with filters","duration":1.6105999999999767,"failureMessages":[],"meta":{}},{"ancestorTitles":["aml API"],"fullName":"aml API gets AML alert by id","status":"passed","title":"gets AML alert by id","duration":0.6504999999997381,"failureMessages":[],"meta":{}},{"ancestorTitles":["aml API"],"fullName":"aml API creates AML alert","status":"passed","title":"creates AML alert","duration":1.5372999999999593,"failureMessages":[],"meta":{}},{"ancestorTitles":["aml API"],"fullName":"aml API updates AML alert review status","status":"passed","title":"updates AML alert review status","duration":1.363800000000083,"failureMessages":[],"meta":{}}],"startTime":1773400111143,"endTime":1773400111158.3638,"status":"passed","message":"","name":"C:/code/work/smu-cs301-project/project-2025-26-t2-project-2025-26t2-g2-t3/services/frontend/crm-ui/src/api/__tests__/aml.test.ts"},{"assertionResults":[{"ancestorTitles":["auth API","login"],"fullName":"auth API login should call apiPost with correct endpoint and credentials","status":"passed","title":"should call apiPost with correct endpoint and credentials","duration":12.26090000000022,"failureMessages":[],"meta":{}},{"ancestorTitles":["auth API","login"],"fullName":"auth API login should skip auth when calling login","status":"passed","title":"should skip auth when calling login","duration":2.8215000000000146,"failureMessages":[],"meta":{}},{"ancestorTitles":["auth API","login"],"fullName":"auth API login should handle login errors","status":"passed","title":"should handle login errors","duration":2.906600000000253,"failureMessages":[],"meta":{}},{"ancestorTitles":["auth API","refreshToken"],"fullName":"auth API refreshToken should call apiPost with refresh token","status":"passed","title":"should call apiPost with refresh token","duration":0.7229999999999563,"failureMessages":[],"meta":{}},{"ancestorTitles":["auth API","refreshToken"],"fullName":"auth API refreshToken should skip auth when refreshing token","status":"passed","title":"should skip auth when refreshing token","duration":0.4600000000000364,"failureMessages":[],"meta":{}},{"ancestorTitles":["auth API","refreshToken"],"fullName":"auth API refreshToken should handle refresh token errors","status":"passed","title":"should handle refresh token errors","duration":0.47220000000015716,"failureMessages":[],"meta":{}},{"ancestorTitles":["auth API","getCurrentUser"],"fullName":"auth API getCurrentUser should call apiGet with correct endpoint","status":"passed","title":"should call apiGet with correct endpoint","duration":0.4930000000003929,"failureMessages":[],"meta":{}},{"ancestorTitles":["auth API","getCurrentUser"],"fullName":"auth API getCurrentUser should require authentication","status":"passed","title":"should require authentication","duration":0.4324000000005981,"failureMessages":[],"meta":{}},{"ancestorTitles":["auth API","getCurrentUser"],"fullName":"auth API getCurrentUser should handle unauthorized errors","status":"passed","title":"should handle unauthorized errors","duration":0.4948999999996886,"failureMessages":[],"meta":{}},{"ancestorTitles":["auth API","getCurrentUser"],"fullName":"auth API getCurrentUser should handle network errors","status":"passed","title":"should handle network errors","duration":0.5104000000001179,"failureMessages":[],"meta":{}}],"startTime":1773400111044,"endTime":1773400111066.5105,"status":"passed","message":"","name":"C:/code/work/smu-cs301-project/project-2025-26-t2-project-2025-26t2-g2-t3/services/frontend/crm-ui/src/api/__tests__/auth.test.ts"},{"assertionResults":[{"ancestorTitles":["ApiError"],"fullName":"ApiError should create ApiError with all properties","status":"passed","title":"should create ApiError with all properties","duration":2.251900000000205,"failureMessages":[],"meta":{}},{"ancestorTitles":["ApiError"],"fullName":"ApiError should create ApiError without requestId","status":"passed","title":"should create ApiError without requestId","duration":0.4598999999998341,"failureMessages":[],"meta":{}},{"ancestorTitles":["Token management"],"fullName":"Token management should get auth token from localStorage","status":"passed","title":"should get auth token from localStorage","duration":0.5150000000003274,"failureMessages":[],"meta":{}},{"ancestorTitles":["Token management"],"fullName":"Token management should return null when no token exists","status":"passed","title":"should return null when no token exists","duration":0.2194999999992433,"failureMessages":[],"meta":{}},{"ancestorTitles":["Token management"],"fullName":"Token management should set auth token in localStorage","status":"passed","title":"should set auth token in localStorage","duration":0.2481000000007043,"failureMessages":[],"meta":{}},{"ancestorTitles":["Token management"],"fullName":"Token management should clear all auth-related data from localStorage","status":"passed","title":"should clear all auth-related data from localStorage","duration":0.2901000000001659,"failureMessages":[],"meta":{}},{"ancestorTitles":["apiRequest"],"fullName":"apiRequest should make successful GET request","status":"passed","title":"should make successful GET request","duration":7.857300000000578,"failureMessages":[],"meta":{}},{"ancestorTitles":["apiRequest"],"fullName":"apiRequest should include auth token in request headers when available","status":"passed","title":"should include auth token in request headers when available","duration":1.0106000000005224,"failureMessages":[],"meta":{}},{"ancestorTitles":["apiRequest"],"fullName":"apiRequest should skip auth token when skipAuth is true","status":"passed","title":"should skip auth token when skipAuth is true","duration":0.4677000000001499,"failureMessages":[],"meta":{}},{"ancestorTitles":["apiRequest"],"fullName":"apiRequest should handle 204 No Content response","status":"passed","title":"should handle 204 No Content response","duration":0.36750000000029104,"failureMessages":[],"meta":{}},{"ancestorTitles":["apiRequest"],"fullName":"apiRequest should throw ApiError on 400 error with JSON response","status":"passed","title":"should throw ApiError on 400 error with JSON response","duration":2.2409000000006927,"failureMessages":[],"meta":{}},{"ancestorTitles":["apiRequest"],"fullName":"apiRequest should throw ApiError on 401 Unauthorized","status":"passed","title":"should throw ApiError on 401 Unauthorized","duration":2.2102999999997337,"failureMessages":[],"meta":{}},{"ancestorTitles":["apiRequest"],"fullName":"apiRequest should throw ApiError on 404 Not Found","status":"passed","title":"should throw ApiError on 404 Not Found","duration":0.7332999999998719,"failureMessages":[],"meta":{}},{"ancestorTitles":["apiRequest"],"fullName":"apiRequest should throw ApiError on 500 error","status":"passed","title":"should throw ApiError on 500 error","duration":0.6320999999998094,"failureMessages":[],"meta":{}},{"ancestorTitles":["apiRequest"],"fullName":"apiRequest should handle error response without JSON body","status":"passed","title":"should handle error response without JSON body","duration":0.7667000000001281,"failureMessages":[],"meta":{}},{"ancestorTitles":["apiRequest"],"fullName":"apiRequest should handle timeout error","status":"passed","title":"should handle timeout error","duration":56.65549999999985,"failureMessages":[],"meta":{}},{"ancestorTitles":["apiRequest"],"fullName":"apiRequest should handle network error","status":"passed","title":"should handle network error","duration":0.7920999999996639,"failureMessages":[],"meta":{}},{"ancestorTitles":["apiRequest"],"fullName":"apiRequest should handle unknown error","status":"passed","title":"should handle unknown error","duration":0.6145999999998821,"failureMessages":[],"meta":{}},{"ancestorTitles":["apiRequest"],"fullName":"apiRequest should use custom timeout","status":"passed","title":"should use custom timeout","duration":0.7330000000001746,"failureMessages":[],"meta":{}},{"ancestorTitles":["apiRequest"],"fullName":"apiRequest should merge custom headers with default headers","status":"passed","title":"should merge custom headers with default headers","duration":0.7241000000003623,"failureMessages":[],"meta":{}},{"ancestorTitles":["HTTP method helpers"],"fullName":"HTTP method helpers should make GET request","status":"passed","title":"should make GET request","duration":0.7923999999993612,"failureMessages":[],"meta":{}},{"ancestorTitles":["HTTP method helpers"],"fullName":"HTTP method helpers should make POST request with data","status":"passed","title":"should make POST request with data","duration":0.9416000000001077,"failureMessages":[],"meta":{}},{"ancestorTitles":["HTTP method helpers"],"fullName":"HTTP method helpers should make POST request without data","status":"passed","title":"should make POST request without data","duration":0.7121999999999389,"failureMessages":[],"meta":{}},{"ancestorTitles":["HTTP method helpers"],"fullName":"HTTP method helpers should make PUT request with data","status":"passed","title":"should make PUT request with data","duration":1.334899999999834,"failureMessages":[],"meta":{}},{"ancestorTitles":["HTTP method helpers"],"fullName":"HTTP method helpers should make DELETE request","status":"passed","title":"should make DELETE request","duration":1.2933000000002721,"failureMessages":[],"meta":{}}],"startTime":1773400111028,"endTime":1773400111114.2932,"status":"passed","message":"","name":"C:/code/work/smu-cs301-project/project-2025-26-t2-project-2025-26t2-g2-t3/services/frontend/crm-ui/src/api/__tests__/client.test.ts"},{"assertionResults":[{"ancestorTitles":["clients API","listClients"],"fullName":"clients API listClients should list clients without query params","status":"passed","title":"should list clients without query params","duration":9.936099999999897,"failureMessages":[],"meta":{}},{"ancestorTitles":["clients API","listClients"],"fullName":"clients API listClients should list clients with limit and offset","status":"passed","title":"should list clients with limit and offset","duration":1.028599999999642,"failureMessages":[],"meta":{}},{"ancestorTitles":["clients API","listClients"],"fullName":"clients API listClients should list clients with search query","status":"passed","title":"should list clients with search query","duration":0.9825000000000728,"failureMessages":[],"meta":{}},{"ancestorTitles":["clients API","listClients"],"fullName":"clients API listClients should list clients with all params","status":"passed","title":"should list clients with all params","duration":0.8863000000001193,"failureMessages":[],"meta":{}},{"ancestorTitles":["clients API","getClientById"],"fullName":"clients API getClientById should get client by ID","status":"passed","title":"should get client by ID","duration":1.1736000000000786,"failureMessages":[],"meta":{}},{"ancestorTitles":["clients API","createClient"],"fullName":"clients API createClient should create client","status":"passed","title":"should create client","duration":2.036399999999958,"failureMessages":[],"meta":{}},{"ancestorTitles":["clients API","updateClient"],"fullName":"clients API updateClient should update client","status":"passed","title":"should update client","duration":1.087399999999434,"failureMessages":[],"meta":{}},{"ancestorTitles":["clients API","deleteClient"],"fullName":"clients API deleteClient should delete client","status":"passed","title":"should delete client","duration":0.6994999999997162,"failureMessages":[],"meta":{}},{"ancestorTitles":["clients API","verifyClient"],"fullName":"clients API verifyClient should verify client identity","status":"passed","title":"should verify client identity","duration":1.0448000000005777,"failureMessages":[],"meta":{}},{"ancestorTitles":["clients API","verifyClient"],"fullName":"clients API verifyClient should return pending verification response","status":"passed","title":"should return pending verification response","duration":0.8059999999995853,"failureMessages":[],"meta":{}},{"ancestorTitles":["clients API","createAccount"],"fullName":"clients API createAccount should create account for client","status":"passed","title":"should create account for client","duration":0.9970999999995911,"failureMessages":[],"meta":{}},{"ancestorTitles":["clients API","updateAccount"],"fullName":"clients API updateAccount should update account details","status":"passed","title":"should update account details","duration":0.9551000000001295,"failureMessages":[],"meta":{}},{"ancestorTitles":["clients API","listClientAccountsPaginated"],"fullName":"clients API listClientAccountsPaginated should return paginated account response","status":"passed","title":"should return paginated account response","duration":1.1167999999997846,"failureMessages":[],"meta":{}},{"ancestorTitles":["clients API","listClientAccounts"],"fullName":"clients API listClientAccounts should get all accounts for a client","status":"passed","title":"should get all accounts for a client","duration":2.435599999999795,"failureMessages":[],"meta":{}}],"startTime":1773400111031,"endTime":1773400111058.4355,"status":"passed","message":"","name":"C:/code/work/smu-cs301-project/project-2025-26-t2-project-2025-26t2-g2-t3/services/frontend/crm-ui/src/api/__tests__/clients.test.ts"},{"assertionResults":[{"ancestorTitles":["communications API","sendCommunication"],"fullName":"communications API sendCommunication should send a communication","status":"passed","title":"should send a communication","duration":8.696500000000015,"failureMessages":[],"meta":{}},{"ancestorTitles":["communications API","listClientCommunications"],"fullName":"communications API listClientCommunications should list communications for a client without params","status":"passed","title":"should list communications for a client without params","duration":1.228700000000572,"failureMessages":[],"meta":{}},{"ancestorTitles":["communications API","listClientCommunications"],"fullName":"communications API listClientCommunications should list communications with pagination params","status":"passed","title":"should list communications with pagination params","duration":0.8718999999991865,"failureMessages":[],"meta":{}},{"ancestorTitles":["communications API","getCommunicationById"],"fullName":"communications API getCommunicationById should get a communication by ID","status":"passed","title":"should get a communication by ID","duration":0.6458000000002357,"failureMessages":[],"meta":{}},{"ancestorTitles":["communications API","listQueuedCommunications"],"fullName":"communications API listQueuedCommunications should list queued communications without params","status":"passed","title":"should list queued communications without params","duration":0.6696000000001732,"failureMessages":[],"meta":{}},{"ancestorTitles":["communications API","listQueuedCommunications"],"fullName":"communications API listQueuedCommunications should list queued communications with limit param","status":"passed","title":"should list queued communications with limit param","duration":1.6192000000000917,"failureMessages":[],"meta":{}},{"ancestorTitles":["communications API","updateCommunicationStatus"],"fullName":"communications API updateCommunicationStatus should update communication status by ID","status":"passed","title":"should update communication status by ID","duration":2.9138999999995576,"failureMessages":[],"meta":{}},{"ancestorTitles":["communications API","updateCommunicationStatusByProviderMessageId"],"fullName":"communications API updateCommunicationStatusByProviderMessageId should update communication status by provider message ID","status":"passed","title":"should update communication status by provider message ID","duration":2.066399999999703,"failureMessages":[],"meta":{}}],"startTime":1773400111143,"endTime":1773400111163.0664,"status":"passed","message":"","name":"C:/code/work/smu-cs301-project/project-2025-26-t2-project-2025-26t2-g2-t3/services/frontend/crm-ui/src/api/__tests__/communications.test.ts"},{"assertionResults":[{"ancestorTitles":["logs API","listLogs"],"fullName":"logs API listLogs should list logs without params","status":"passed","title":"should list logs without params","duration":7.629399999999805,"failureMessages":[],"meta":{}},{"ancestorTitles":["logs API","listLogs"],"fullName":"logs API listLogs should list logs with limit and offset","status":"passed","title":"should list logs with limit and offset","duration":0.7123000000001412,"failureMessages":[],"meta":{}},{"ancestorTitles":["logs API","listLogs"],"fullName":"logs API listLogs should filter logs by userId","status":"passed","title":"should filter logs by userId","duration":0.8329999999996289,"failureMessages":[],"meta":{}},{"ancestorTitles":["logs API","listLogs"],"fullName":"logs API listLogs should filter logs by clientId","status":"passed","title":"should filter logs by clientId","duration":0.8569999999999709,"failureMessages":[],"meta":{}},{"ancestorTitles":["logs API","listLogs"],"fullName":"logs API listLogs should filter logs by action","status":"passed","title":"should filter logs by action","duration":0.7240000000001601,"failureMessages":[],"meta":{}},{"ancestorTitles":["logs API","listLogs"],"fullName":"logs API listLogs should list logs with all params","status":"passed","title":"should list logs with all params","duration":1.4975000000004002,"failureMessages":[],"meta":{}},{"ancestorTitles":["logs API","getLogById"],"fullName":"logs API getLogById should get log by ID","status":"passed","title":"should get log by ID","duration":0.6833999999998923,"failureMessages":[],"meta":{}},{"ancestorTitles":["logs API","createLog"],"fullName":"logs API createLog should create log entry","status":"passed","title":"should create log entry","duration":1.4738999999999578,"failureMessages":[],"meta":{}},{"ancestorTitles":["logs API","listClientLogs"],"fullName":"logs API listClientLogs should list logs for a specific client without params","status":"passed","title":"should list logs for a specific client without params","duration":0.7736999999997352,"failureMessages":[],"meta":{}},{"ancestorTitles":["logs API","listClientLogs"],"fullName":"logs API listClientLogs should list client logs with limit and offset","status":"passed","title":"should list client logs with limit and offset","duration":0.5520000000005894,"failureMessages":[],"meta":{}}],"startTime":1773400111142,"endTime":1773400111159.552,"status":"passed","message":"","name":"C:/code/work/smu-cs301-project/project-2025-26-t2-project-2025-26t2-g2-t3/services/frontend/crm-ui/src/api/__tests__/logs.test.ts"},{"assertionResults":[{"ancestorTitles":["transactions API","listTransactions"],"fullName":"transactions API listTransactions should list transactions without params","status":"passed","title":"should list transactions without params","duration":8.74619999999959,"failureMessages":[],"meta":{}},{"ancestorTitles":["transactions API","listTransactions"],"fullName":"transactions API listTransactions should list transactions with limit and offset","status":"passed","title":"should list transactions with limit and offset","duration":1.0600000000004002,"failureMessages":[],"meta":{}},{"ancestorTitles":["transactions API","listTransactions"],"fullName":"transactions API listTransactions should filter transactions by clientId","status":"passed","title":"should filter transactions by clientId","duration":0.8032000000002881,"failureMessages":[],"meta":{}},{"ancestorTitles":["transactions API","listTransactions"],"fullName":"transactions API listTransactions should filter transactions by status","status":"passed","title":"should filter transactions by status","duration":0.5672999999997046,"failureMessages":[],"meta":{}},{"ancestorTitles":["transactions API","listTransactions"],"fullName":"transactions API listTransactions should filter transactions by transaction kind","status":"passed","title":"should filter transactions by transaction kind","duration":0.5641000000005079,"failureMessages":[],"meta":{}},{"ancestorTitles":["transactions API","listTransactions"],"fullName":"transactions API listTransactions should filter transactions by date range","status":"passed","title":"should filter transactions by date range","duration":0.5841000000000349,"failureMessages":[],"meta":{}},{"ancestorTitles":["transactions API","listTransactions"],"fullName":"transactions API listTransactions should list transactions with all params","status":"passed","title":"should list transactions with all params","duration":0.5484999999998763,"failureMessages":[],"meta":{}},{"ancestorTitles":["transactions API","getTransactionById"],"fullName":"transactions API getTransactionById should get transaction by ID","status":"passed","title":"should get transaction by ID","duration":0.7407000000002881,"failureMessages":[],"meta":{}},{"ancestorTitles":["transactions API","createTransaction"],"fullName":"transactions API createTransaction should create deposit transaction","status":"passed","title":"should create deposit transaction","duration":1.5286999999998443,"failureMessages":[],"meta":{}},{"ancestorTitles":["transactions API","createTransaction"],"fullName":"transactions API createTransaction should create withdrawal transaction","status":"passed","title":"should create withdrawal transaction","duration":0.8168000000005122,"failureMessages":[],"meta":{}},{"ancestorTitles":["transactions API","deleteTransaction"],"fullName":"transactions API deleteTransaction should delete transaction","status":"passed","title":"should delete transaction","duration":0.7026999999998225,"failureMessages":[],"meta":{}}],"startTime":1773400111145,"endTime":1773400111162.7026,"status":"passed","message":"","name":"C:/code/work/smu-cs301-project/project-2025-26-t2-project-2025-26t2-g2-t3/services/frontend/crm-ui/src/api/__tests__/transactions.test.ts"},{"assertionResults":[{"ancestorTitles":["users API","listUsers"],"fullName":"users API listUsers should list users without params","status":"passed","title":"should list users without params","duration":8.921199999999772,"failureMessages":[],"meta":{}},{"ancestorTitles":["users API","listUsers"],"fullName":"users API listUsers should list users with limit and offset","status":"passed","title":"should list users with limit and offset","duration":0.8594000000002779,"failureMessages":[],"meta":{}},{"ancestorTitles":["users API","listUsers"],"fullName":"users API listUsers should filter users by role","status":"passed","title":"should filter users by role","duration":0.8032000000002881,"failureMessages":[],"meta":{}},{"ancestorTitles":["users API","listUsers"],"fullName":"users API listUsers should list users with all params","status":"passed","title":"should list users with all params","duration":0.8736000000008062,"failureMessages":[],"meta":{}},{"ancestorTitles":["users API","getUserById"],"fullName":"users API getUserById should get user by ID","status":"passed","title":"should get user by ID","duration":0.7868000000007669,"failureMessages":[],"meta":{}},{"ancestorTitles":["users API","createUser"],"fullName":"users API createUser should create user with all fields","status":"passed","title":"should create user with all fields","duration":1.4755000000004657,"failureMessages":[],"meta":{}},{"ancestorTitles":["users API","createUser"],"fullName":"users API createUser should create admin user","status":"passed","title":"should create admin user","duration":0.6734000000005835,"failureMessages":[],"meta":{}},{"ancestorTitles":["users API","updateUser"],"fullName":"users API updateUser should update user","status":"passed","title":"should update user","duration":0.7917999999999665,"failureMessages":[],"meta":{}},{"ancestorTitles":["users API","disableUser"],"fullName":"users API disableUser should disable user","status":"passed","title":"should disable user","duration":1.3255000000008295,"failureMessages":[],"meta":{}},{"ancestorTitles":["users API","deleteUser"],"fullName":"users API deleteUser should delete user","status":"passed","title":"should delete user","duration":0.6552000000001499,"failureMessages":[],"meta":{}},{"ancestorTitles":["users API","resetUserPassword"],"fullName":"users API resetUserPassword should send password reset email","status":"passed","title":"should send password reset email","duration":0.9223000000001775,"failureMessages":[],"meta":{}}],"startTime":1773400111141,"endTime":1773400111160.9224,"status":"passed","message":"","name":"C:/code/work/smu-cs301-project/project-2025-26-t2-project-2025-26t2-g2-t3/services/frontend/crm-ui/src/api/__tests__/users.test.ts"},{"assertionResults":[{"ancestorTitles":["ProtectedRoute"],"fullName":"ProtectedRoute should show loading state when authentication is loading","status":"passed","title":"should show loading state when authentication is loading","duration":113.32940000000053,"failureMessages":[],"meta":{}},{"ancestorTitles":["ProtectedRoute"],"fullName":"ProtectedRoute should redirect to login when user is not authenticated","status":"passed","title":"should redirect to login when user is not authenticated","duration":15.59060000000045,"failureMessages":[],"meta":{}},{"ancestorTitles":["ProtectedRoute"],"fullName":"ProtectedRoute should render protected content when user is authenticated with correct role","status":"passed","title":"should render protected content when user is authenticated with correct role","duration":6.093499999999949,"failureMessages":[],"meta":{}},{"ancestorTitles":["ProtectedRoute"],"fullName":"ProtectedRoute should show access denied when user has wrong role","status":"passed","title":"should show access denied when user has wrong role","duration":12.189300000000003,"failureMessages":[],"meta":{}},{"ancestorTitles":["ProtectedRoute"],"fullName":"ProtectedRoute should allow access when no role restrictions are specified","status":"passed","title":"should allow access when no role restrictions are specified","duration":5.345299999999952,"failureMessages":[],"meta":{}},{"ancestorTitles":["ProtectedRoute"],"fullName":"ProtectedRoute should allow access when user role is in allowed roles list","status":"passed","title":"should allow access when user role is in allowed roles list","duration":5.3585000000002765,"failureMessages":[],"meta":{}}],"startTime":1773400111462,"endTime":1773400111620.3584,"status":"passed","message":"","name":"C:/code/work/smu-cs301-project/project-2025-26-t2-project-2025-26t2-g2-t3/services/frontend/crm-ui/src/app/__tests__/ProtectedRoute.test.tsx"},{"assertionResults":[{"ancestorTitles":["AdminCommunications"],"fullName":"AdminCommunications should render the Communications heading","status":"failed","title":"should render the Communications heading","duration":1109.6112000000003,"failureMessages":["Error: Found multiple elements with the role \"heading\" and name `/Communications/i`\n\nHere are the matching elements:\n\nIgnored nodes: comments, script, style\n\u001b[36m<h1\u001b[39m\n  \u001b[33mclass\u001b[39m=\u001b[32m\"text-xl font-bold text-text\"\u001b[39m\n\u001b[36m>\u001b[39m\n  \u001b[0mCommunications\u001b[0m\n\u001b[36m</h1>\u001b[39m\n\nIgnored nodes: comments, script, style\n\u001b[36m<h2\u001b[39m\n  \u001b[33mclass\u001b[39m=\u001b[32m\"text-xl font-bold text-text\"\u001b[39m\n\u001b[36m>\u001b[39m\n  \u001b[0mQueued Communications\u001b[0m\n\u001b[36m</h2>\u001b[39m\n\n(If this is intentional, then use the `*AllBy*` variant of the query (like `queryAllByText`, `getAllByText`, or `findAllByText`)).\n\nIgnored nodes: comments, script, style\n\u001b[36m<body>\u001b[39m\n  \u001b[36m<div>\u001b[39m\n    \u001b[36m<div\u001b[39m\n      \u001b[33mclass\u001b[39m=\u001b[32m\"min-h-screen bg-background text-text\"\u001b[39m\n    \u001b[36m>\u001b[39m\n      \u001b[36m<div\u001b[39m\n        \u001b[33mclass\u001b[39m=\u001b[32m\"flex min-h-screen\"\u001b[39m\n      \u001b[36m>\u001b[39m\n        \u001b[36m<aside\u001b[39m\n          \u001b[33mclass\u001b[39m=\u001b[32m\"w-64 shrink-0 border-r border-border bg-card\"\u001b[39m\n        \u001b[36m>\u001b[39m\n          \u001b[36m<div\u001b[39m\n            \u001b[33mclass\u001b[39m=\u001b[32m\"px-4 py-4\"\u001b[39m\n          \u001b[36m>\u001b[39m\n            \u001b[36m<h1\u001b[39m\n              \u001b[33mclass\u001b[39m=\u001b[32m\"text-xl font-bold text-text tracking-tight\"\u001b[39m\n            \u001b[36m>\u001b[39m\n              \u001b[0mScroogeBank\u001b[0m\n            \u001b[36m</h1>\u001b[39m\n          \u001b[36m</div>\u001b[39m\n          \u001b[36m<nav\u001b[39m\n            \u001b[33mclass\u001b[39m=\u001b[32m\"p-3 space-y-1\"\u001b[39m\n          \u001b[36m>\u001b[39m\n            \u001b[36m<a\u001b[39m\n              \u001b[33mclass\u001b[39m=\u001b[32m\"flex items-center gap-2 rounded-md px-3 py-2 text-sm transition-colors text-text hover:bg-background-lighter\"\u001b[39m\n              \u001b[33mdata-discover\u001b[39m=\u001b[32m\"true\"\u001b[39m\n              \u001b[33mhref\u001b[39m=\u001b[32m\"/admin\"\u001b[39m\n            \u001b[36m>\u001b[39m\n              \u001b[0mHome\u001b[0m\n            \u001b[36m</a>\u001b[39m\n            \u001b[36m<a\u001b[39m\n              \u001b[33mclass\u001b[39m=\u001b[32m\"flex items-center gap-2 rounded-md px-3 py-2 text-sm transition-colors text-text hover:bg-background-lighter\"\u001b[39m\n              \u001b[33mdata-discover\u001b[39m=\u001b[32m\"true\"\u001b[39m\n              \u001b[33mhref\u001b[39m=\u001b[32m\"/admin/accounts\"\u001b[39m\n            \u001b[36m>\u001b[39m\n              \u001b[0mManage Accounts\u001b[0m\n            \u001b[36m</a>\u001b[39m\n            \u001b[36m<a\u001b[39m\n              \u001b[33mclass\u001b[39m=\u001b[32m\"flex items-center gap-2 rounded-md px-3 py-2 text-sm transition-colors text-text hover:bg-background-lighter\"\u001b[39m\n              \u001b[33mdata-discover\u001b[39m=\u001b[32m\"true\"\u001b[39m\n              \u001b[33mhref\u001b[39m=\u001b[32m\"/admin/communications\"\u001b[39m\n            \u001b[36m>\u001b[39m\n              \u001b[0mCommunications\u001b[0m\n            \u001b[36m</a>\u001b[39m\n            \u001b[36m<a\u001b[39m\n              \u001b[33mclass\u001b[39m=\u001b[32m\"flex items-center gap-2 rounded-md px-3 py-2 text-sm transition-colors text-text hover:bg-background-lighter\"\u001b[39m\n              \u001b[33mdata-discover\u001b[39m=\u001b[32m\"true\"\u001b[39m\n              \u001b[33mhref\u001b[39m=\u001b[32m\"/admin/aml-alerts\"\u001b[39m\n            \u001b[36m>\u001b[39m\n              \u001b[0mAML Alerts\u001b[0m\n            \u001b[36m</a>\u001b[39m\n          \u001b[36m</nav>\u001b[39m\n        \u001b[36m</aside>\u001b[39m\n        \u001b[36m<main\u001b[39m\n          \u001b[33mclass\u001b[39m=\u001b[32m\"flex-1 min-w-0\"\u001b[39m\n        \u001b[36m>\u001b[39m\n          \u001b[36m<header\u001b[39m\n            \u001b[33mclass\u001b[39m=\u001b[32m\"flex items-center px-4 py-3 border-b border-border bg-card\"\u001b[39m\n          \u001b[36m>\u001b[39m\n            \u001b[36m<button\u001b[39m\n              \u001b[33mclass\u001b[39m=\u001b[32m\"rounded-md border border-border p-2\"\u001b[39m\n            \u001b[36m>\u001b[39m\n              \u001b[0m≪\u001b[0m\n            \u001b[36m</button>\u001b[39m\n          \u001b[36m</header>\u001b[39m\n          \u001b[36m<div\u001b[39m\n            \u001b[33mclass\u001b[39m=\u001b[32m\"p-6\"\u001b[39m\n          \u001b[36m>\u001b[39m\n            \u001b[36m<div\u001b[39m\n              \u001b[33mclass\u001b[39m=\u001b[32m\"flex justify-between h-16 items-center\"\u001b[39m\n            \u001b[36m>\u001b[39m\n              \u001b[36m<div\u001b[39m\n                \u001b[33mclass\u001b[39m=\u001b[32m\"flex items-center space-x-4\"\u001b[39m\n              \u001b[36m>\u001b[39m\n                \u001b[36m<a\u001b[39m\n                  \u001b[33mclass\u001b[39m=\u001b[32m\"text-text-muted hover:text-text\"\u001b[39m\n                  \u001b[33mhref\u001b[39m=\u001b[32m\"/admin\"\u001b[39m\n                \u001b[36m>\u001b[39m\n                  \u001b[0mDashboard\u001b[0m\n                \u001b[36m</a>\u001b[39m\n                \u001b[36m<span\u001b[39m\n                  \u001b[33mclass\u001b[39m=\u001b[32m\"text-text-muted\"\u001b[39m\n                \u001b[36m>\u001b[39m\n                  \u001b[0m/\u001b[0m\n                \u001b[36m</span>\u001b[39m\n                \u001b[36m<h1\u001b[39m\n                  \u001b[33mclass\u001b[39m=\u001b[32m\"text-xl font-bold text-text\"\u001b[39m\n                \u001b[36m>\u001b[39m\n                  \u001b[0mCommunications\u001b[0m\n                \u001b[36m</h1>\u001b[39m\n              \u001b[36m</div>\u001b[39m\n              \u001b[36m<button\u001b[39m\n                \u001b[33mclass\u001b[39m=\u001b[32m\"px-4 py-2 rounded-lg bg-danger hover:bg-danger-hover text-white font-medium transition-colors\"\u001b[39m\n              \u001b[36m>\u001b[39m\n                \u001b[0mLogout\u001b[0m\n              \u001b[36m</button>\u001b[39m\n            \u001b[36m</div>\u001b[39m\n            \u001b[36m<main\u001b[39m\n              \u001b[33mclass\u001b[39m=\u001b[32m\"mt-6\"\u001b[39m\n            \u001b[36m>\u001b[39m\n              \u001b[36m<div\u001b[39m\n                \u001b[33mclass\u001b[39m=\u001b[32m\"grid grid-cols-1 md:grid-cols-2 gap-6 mb-6\"\u001b[39m\n              \u001b[36m>\u001b[39m\n                \u001b[36m<div\u001b[39m\n                  \u001b[33mclass\u001b[39m=\u001b[32m\"bg-card border border-border rounded-lg p-4\"\u001b[39m\n                \u001b[36m>\u001b[39m\n                  \u001b[36m<h3\u001b[39m\n                    \u001b[33mclass\u001b[39m=\u001b[32m\"text-text font-medium mb-3\"\u001b[39m\n                  \u001b[36m>\u001b[39m\n                    \u001b[0mLookup by Communication ID\u001b[0m\n                  \u001b[36m</h3>\u001b[39m\n                  \u001b[36m<div\u001b[39m\n                    \u001b[33mclass\u001b[39m=\u001b[32m\"flex gap-2\"\u001b[39m\n                  \u001b[36m>\u001b[39m\n                    \u001b[36m<input\u001b[39m\n                      \u001b[33mclass\u001b[39m=\u001b[32m\"flex-1 px-3 py-2 bg-background-light border border-border rounded text-text text-sm focus:outline-none focus:ring-2 focus:ring-primary\"\u001b[39m\n                      \u001b[33mplaceholder\u001b[39m=\u001b[32m\"com_...\"\u001b[39m\n                      \u001b[33mtype\u001b[39m=\u001b[32m\"text\"\u001b[39m\n                      \u001b[33mvalue\u001b[39m=\u001b[32m\"\"\u001b[39m\n                    \u001b[36m/>\u001b[39m\n                    \u001b[36m<button\u001b[39m\n                      \u001b[33mclass\u001b[39m=\u001b[32m\"px-4 py-2 rounded bg-primary hover:bg-primary-hover text-white text-sm font-medium disabled:opacity-50 transition-colors\"\u001b[39m\n                      \u001b[33mdisabled\u001b[39m=\u001b[32m\"\"\u001b[39m\n                    \u001b[36m>\u001b[39m\n                      \u001b[0mLookup\u001b[0m\n                    \u001b[36m</button>\u001b[39m\n                  \u001b[36m</div>\u001b[39m\n                \u001b[36m</div>\u001b[39m\n                \u001b[36m<div\u001b[39m\n                  \u001b[33mclass\u001b[39m=\u001b[32m\"bg-card border border-border rounded-lg p-4\"\u001b[39m\n                \u001b[36m>\u001b[39m\n                  \u001b[36m<h3\u001b[39m\n                    \u001b[33mclass\u001b[39m=\u001b[32m\"text-text font-medium mb-3\"\u001b[39m\n                  \u001b[36m>\u001b[39m\n                    \u001b[0mLookup by Provider Message ID\u001b[0m\n                  \u001b[36m</h3>\u001b[39m\n                  \u001b[36m<div\u001b[39m\n                    \u001b[33mclass\u001b[39m=\u001b[32m\"flex gap-2\"\u001b[39m\n                  \u001b[36m>\u001b[39m\n                    \u001b[36m<input\u001b[39m\n                      \u001b[33mclass\u001b[39m=\u001b[32m\"flex-1 px-3 py-2 bg-background-light border border-border rounded text-text text-sm focus:outline-none focus:ring-2 focus:ring-primary\"\u001b[39m\n                      \u001b[33mplaceholder\u001b[39m=\u001b[32m\"Provider message ID...\"\u001b[39m\n                      \u001b[33mtype\u001b[39m=\u001b[32m\"text\"\u001b[39m\n                      \u001b[33mvalue\u001b[39m=\u001b[32m\"\"\u001b[39m\n                    \u001b[36m/>\u001b[39m\n                    \u001b[36m<button\u001b[39m\n                      \u001b[33mclass\u001b[39m=\u001b[32m\"px-4 py-2 rounded bg-primary hover:bg-primary-hover text-white text-sm font-medium disabled:opacity-50 transition-colors\"\u001b[39m\n                      \u001b[33mdisabled\u001b[39m=\u001b[32m\"\"\u001b[39m\n                    \u001b[36m>\u001b[39m\n                      \u001b[0mLookup\u001b[0m\n                    \u001b[36m</button>\u001b[39m\n                  \u001b[36m</div>\u001b[39m\n                \u001b[36m</div>\u001b[39m\n              \u001b[36m</div>\u001b[39m\n              \u001b[36m<div\u001b[39m\n                \u001b[33mclass\u001b[39m=\u001b[32m\"bg-card border border-border rounded-lg\"\u001b[39m\n              \u001b[36m>\u001b[39m\n                \u001b[36m<div\u001b[39m\n                  \u001b[33mclass\u001b[39m=\u001b[32m\"px-6 py-4 border-b border-border flex items-center justify-between\"\u001b[39m\n                \u001b[36m>\u001b[39m\n                  \u001b[36m<h2\u001b[39m\n                    \u001b[33mclass\u001b[39m=\u001b[32m\"text-xl font-bold text-text\"\u001b[39m\n                  \u001b[36m>\u001b[39m\n                    \u001b[0mQueued Communications\u001b[0m\n                  \u001b[36m</h2>\u001b[39m\n                  \u001b[36m<button\u001b[39m\n                    \u001b[33mclass\u001b[39m=\u001b[32m\"px-4 py-2 rounded bg-background-light hover:bg-background-lighter text-text text-sm font-medium transition-colors disabled:opacity-50\"\u001b[39m\n                  \u001b[36m>\u001b[39m\n                    \u001b[0mRefresh\u001b[0m\n                  \u001b[36m</button>\u001b[39m\n                \u001b[36m</div>\u001b[39m\n                \u001b[36m<div\u001b[39m\n                  \u001b[33mclass\u001b[39m=\u001b[32m\"p-6 text-center text-text-muted\"\u001b[39m\n                \u001b[36m>\u001b[39m\n                  \u001b[0mNo queued communications found\u001b[0m\n                \u001b[36m</div>\u001b[39m\n              \u001b[36m</div>\u001b[39m\n            \u001b[36m</main>\u001b[39m\n          \u001b[36m</div>\u001b[39m\n        \u001b[36m</main>\u001b[39m\n      \u001b[36m</div>\u001b[39m\n    \u001b[36m</div>\u001b[39m\n  \u001b[36m</div>\u001b[39m\n\u001b[36m</body>\u001b[39m\n    at Proxy.waitForWrapper (C:\\code\\work\\smu-cs301-project\\project-2025-26-t2-project-2025-26t2-g2-t3\\services\\frontend\\crm-ui\\node_modules\\@testing-library\\dom\\dist\\wait-for.js:163:27)\n    at C:/code/work/smu-cs301-project/project-2025-26-t2-project-2025-26t2-g2-t3/services/frontend/crm-ui/src/pages/__tests__/AdminCommunications.test.tsx:65:11\n    at file:///C:/code/work/smu-cs301-project/project-2025-26-t2-project-2025-26t2-g2-t3/services/frontend/crm-ui/node_modules/@vitest/runner/dist/index.js:145:11\n    at file:///C:/code/work/smu-cs301-project/project-2025-26-t2-project-2025-26t2-g2-t3/services/frontend/crm-ui/node_modules/@vitest/runner/dist/index.js:915:26\n    at file:///C:/code/work/smu-cs301-project/project-2025-26-t2-project-2025-26t2-g2-t3/services/frontend/crm-ui/node_modules/@vitest/runner/dist/index.js:1243:20\n    at new Promise (<anonymous>)\n    at runWithTimeout (file:///C:/code/work/smu-cs301-project/project-2025-26-t2-project-2025-26t2-g2-t3/services/frontend/crm-ui/node_modules/@vitest/runner/dist/index.js:1209:10)\n    at file:///C:/code/work/smu-cs301-project/project-2025-26-t2-project-2025-26t2-g2-t3/services/frontend/crm-ui/node_modules/@vitest/runner/dist/index.js:1653:37\n    at Traces.$ (file:///C:/code/work/smu-cs301-project/project-2025-26-t2-project-2025-26t2-g2-t3/services/frontend/crm-ui/node_modules/vitest/dist/chunks/traces.CCmnQaNT.js:142:27)\n    at trace (file:///C:/code/work/smu-cs301-project/project-2025-26-t2-project-2025-26t2-g2-t3/services/frontend/crm-ui/node_modules/vitest/dist/chunks/test.B8ej_ZHS.js:239:21)"],"meta":{}},{"ancestorTitles":["AdminCommunications"],"fullName":"AdminCommunications should show empty state when no queued communications","status":"passed","title":"should show empty state when no queued communications","duration":39.04920000000129,"failureMessages":[],"meta":{}},{"ancestorTitles":["AdminCommunications"],"fullName":"AdminCommunications should display queued communications in table","status":"passed","title":"should display queued communications in table","duration":64.41449999999895,"failureMessages":[],"meta":{}},{"ancestorTitles":["AdminCommunications"],"fullName":"AdminCommunications should show loading state","status":"passed","title":"should show loading state","duration":14.405899999999747,"failureMessages":[],"meta":{}},{"ancestorTitles":["AdminCommunications"],"fullName":"AdminCommunications should show error when API call fails","status":"passed","title":"should show error when API call fails","duration":29.19290000000001,"failureMessages":[],"meta":{}},{"ancestorTitles":["AdminCommunications"],"fullName":"AdminCommunications should render lookup panels","status":"passed","title":"should render lookup panels","duration":21.35069999999905,"failureMessages":[],"meta":{}},{"ancestorTitles":["AdminCommunications"],"fullName":"AdminCommunications should render sidebar with Communications nav item","status":"passed","title":"should render sidebar with Communications nav item","duration":65.93319999999949,"failureMessages":[],"meta":{}},{"ancestorTitles":["AdminCommunications"],"fullName":"AdminCommunications should render Refresh button","status":"passed","title":"should render Refresh button","duration":58.1244999999999,"failureMessages":[],"meta":{}}],"startTime":1773400111503,"endTime":1773400112905.1245,"status":"failed","message":"","name":"C:/code/work/smu-cs301-project/project-2025-26-t2-project-2025-26t2-g2-t3/services/frontend/crm-ui/src/pages/__tests__/AdminCommunications.test.tsx"},{"assertionResults":[{"ancestorTitles":["AdminDashboard"],"fullName":"AdminDashboard should render dashboard header with admin name","status":"passed","title":"should render dashboard header with admin name","duration":569.2227999999996,"failureMessages":[],"meta":{}},{"ancestorTitles":["AdminDashboard"],"fullName":"AdminDashboard should display total users count","status":"passed","title":"should display total users count","duration":39.703599999999824,"failureMessages":[],"meta":{}},{"ancestorTitles":["AdminDashboard"],"fullName":"AdminDashboard should display total clients count","status":"passed","title":"should display total clients count","duration":46.15589999999975,"failureMessages":[],"meta":{}},{"ancestorTitles":["AdminDashboard"],"fullName":"AdminDashboard should display recent activities count","status":"passed","title":"should display recent activities count","duration":21.913299999999253,"failureMessages":[],"meta":{}},{"ancestorTitles":["AdminDashboard"],"fullName":"AdminDashboard should display activity logs table","status":"passed","title":"should display activity logs table","duration":72.3091000000004,"failureMessages":[],"meta":{}},{"ancestorTitles":["AdminDashboard"],"fullName":"AdminDashboard should show empty state when no logs","status":"passed","title":"should show empty state when no logs","duration":41.54899999999998,"failureMessages":[],"meta":{}},{"ancestorTitles":["AdminDashboard"],"fullName":"AdminDashboard should show loading state","status":"passed","title":"should show loading state","duration":12.15730000000076,"failureMessages":[],"meta":{}},{"ancestorTitles":["AdminDashboard"],"fullName":"AdminDashboard should show error when API call fails","status":"passed","title":"should show error when API call fails","duration":34.85819999999967,"failureMessages":[],"meta":{}},{"ancestorTitles":["AdminDashboard"],"fullName":"AdminDashboard should render manage accounts link","status":"passed","title":"should render manage accounts link","duration":93.1884,"failureMessages":[],"meta":{}},{"ancestorTitles":["AdminDashboard"],"fullName":"AdminDashboard should truncate IDs in table","status":"passed","title":"should truncate IDs in table","duration":30.079999999999927,"failureMessages":[],"meta":{}}],"startTime":1773400111503,"endTime":1773400112464.08,"status":"passed","message":"","name":"C:/code/work/smu-cs301-project/project-2025-26-t2-project-2025-26t2-g2-t3/services/frontend/crm-ui/src/pages/__tests__/AdminDashboard.test.tsx"},{"assertionResults":[{"ancestorTitles":["AdminManageAccounts"],"fullName":"AdminManageAccounts should render page header","status":"passed","title":"should render page header","duration":571.2203,"failureMessages":[],"meta":{}},{"ancestorTitles":["AdminManageAccounts"],"fullName":"AdminManageAccounts should display users in table","status":"passed","title":"should display users in table","duration":62.72319999999945,"failureMessages":[],"meta":{}},{"ancestorTitles":["AdminManageAccounts"],"fullName":"AdminManageAccounts should show loading state","status":"passed","title":"should show loading state","duration":12.688900000000103,"failureMessages":[],"meta":{}},{"ancestorTitles":["AdminManageAccounts"],"fullName":"AdminManageAccounts should show error when loading users fails","status":"passed","title":"should show error when loading users fails","duration":30.72109999999975,"failureMessages":[],"meta":{}},{"ancestorTitles":["AdminManageAccounts"],"fullName":"AdminManageAccounts should open create user modal","status":"passed","title":"should open create user modal","duration":151.58159999999953,"failureMessages":[],"meta":{}},{"ancestorTitles":["AdminManageAccounts"],"fullName":"AdminManageAccounts should validate form fields when creating user","status":"passed","title":"should validate form fields when creating user","duration":129.8742999999995,"failureMessages":[],"meta":{}},{"ancestorTitles":["AdminManageAccounts"],"fullName":"AdminManageAccounts should validate email format","status":"passed","title":"should validate email format","duration":124.04700000000048,"failureMessages":[],"meta":{}},{"ancestorTitles":["AdminManageAccounts"],"fullName":"AdminManageAccounts should create user successfully","status":"passed","title":"should create user successfully","duration":141.41920000000027,"failureMessages":[],"meta":{}},{"ancestorTitles":["AdminManageAccounts"],"fullName":"AdminManageAccounts should disable user","status":"passed","title":"should disable user","duration":110.68009999999958,"failureMessages":[],"meta":{}},{"ancestorTitles":["AdminManageAccounts"],"fullName":"AdminManageAccounts should delete user","status":"passed","title":"should delete user","duration":74.25410000000011,"failureMessages":[],"meta":{}},{"ancestorTitles":["AdminManageAccounts"],"fullName":"AdminManageAccounts should send password reset email","status":"passed","title":"should send password reset email","duration":85.26189999999951,"failureMessages":[],"meta":{}},{"ancestorTitles":["AdminManageAccounts"],"fullName":"AdminManageAccounts should navigate through pages","status":"passed","title":"should navigate through pages","duration":239.22730000000047,"failureMessages":[],"meta":{}},{"ancestorTitles":["AdminManageAccounts"],"fullName":"AdminManageAccounts should not submit form if user cancels confirmation","status":"passed","title":"should not submit form if user cancels confirmation","duration":72.8081000000002,"failureMessages":[],"meta":{}},{"ancestorTitles":["AdminManageAccounts"],"fullName":"AdminManageAccounts should handle 401 error when creating user","status":"passed","title":"should handle 401 error when creating user","duration":103.77789999999914,"failureMessages":[],"meta":{}},{"ancestorTitles":["AdminManageAccounts"],"fullName":"AdminManageAccounts should handle 409 error when creating user","status":"passed","title":"should handle 409 error when creating user","duration":107.09879999999976,"failureMessages":[],"meta":{}},{"ancestorTitles":["AdminManageAccounts"],"fullName":"AdminManageAccounts should handle generic error when creating user","status":"passed","title":"should handle generic error when creating user","duration":135.47159999999894,"failureMessages":[],"meta":{}},{"ancestorTitles":["AdminManageAccounts"],"fullName":"AdminManageAccounts should handle non-ApiError when creating user","status":"passed","title":"should handle non-ApiError when creating user","duration":106.74330000000009,"failureMessages":[],"meta":{}},{"ancestorTitles":["AdminManageAccounts"],"fullName":"AdminManageAccounts should handle error when disabling user","status":"passed","title":"should handle error when disabling user","duration":65.83059999999932,"failureMessages":[],"meta":{}},{"ancestorTitles":["AdminManageAccounts"],"fullName":"AdminManageAccounts should handle error when deleting user","status":"passed","title":"should handle error when deleting user","duration":93.4315000000006,"failureMessages":[],"meta":{}},{"ancestorTitles":["AdminManageAccounts"],"fullName":"AdminManageAccounts should handle error when resetting password","status":"passed","title":"should handle error when resetting password","duration":93.96680000000015,"failureMessages":[],"meta":{}},{"ancestorTitles":["AdminManageAccounts"],"fullName":"AdminManageAccounts should close modal when clicking cancel","status":"passed","title":"should close modal when clicking cancel","duration":108.27360000000044,"failureMessages":[],"meta":{}},{"ancestorTitles":["AdminManageAccounts"],"fullName":"AdminManageAccounts should clear field errors when typing in create user form","status":"passed","title":"should clear field errors when typing in create user form","duration":110.97609999999986,"failureMessages":[],"meta":{}}],"startTime":1773400111503,"endTime":1773400114235.976,"status":"passed","message":"","name":"C:/code/work/smu-cs301-project/project-2025-26-t2-project-2025-26t2-g2-t3/services/frontend/crm-ui/src/pages/__tests__/AdminManageAccounts.test.tsx"},{"assertionResults":[{"ancestorTitles":["UserClientAccounts"],"fullName":"UserClientAccounts should render the accounts page with header","status":"passed","title":"should render the accounts page with header","duration":648.1702999999998,"failureMessages":[],"meta":{}},{"ancestorTitles":["UserClientAccounts"],"fullName":"UserClientAccounts should show loading state initially","status":"passed","title":"should show loading state initially","duration":8.804599999999482,"failureMessages":[],"meta":{}},{"ancestorTitles":["UserClientAccounts"],"fullName":"UserClientAccounts should display accounts in a table","status":"passed","title":"should display accounts in a table","duration":44.527100000000246,"failureMessages":[],"meta":{}},{"ancestorTitles":["UserClientAccounts"],"fullName":"UserClientAccounts should show empty state when no accounts exist","status":"passed","title":"should show empty state when no accounts exist","duration":13.949899999999616,"failureMessages":[],"meta":{}},{"ancestorTitles":["UserClientAccounts"],"fullName":"UserClientAccounts should open create account modal when button is clicked","status":"failed","title":"should open create account modal when button is clicked","duration":1150.5226000000002,"failureMessages":["Error: Found multiple elements with the text: Create Account\n\nHere are the matching elements:\n\nIgnored nodes: comments, script, style\n\u001b[36m<h2\u001b[39m\n  \u001b[33mclass\u001b[39m=\u001b[32m\"text-lg font-bold text-text mb-4\"\u001b[39m\n\u001b[36m>\u001b[39m\n  \u001b[0mCreate Account\u001b[0m\n\u001b[36m</h2>\u001b[39m\n\nIgnored nodes: comments, script, style\n\u001b[36m<button\u001b[39m\n  \u001b[33mclass\u001b[39m=\u001b[32m\"px-4 py-2 bg-primary hover:bg-primary-hover text-white rounded-lg text-sm font-medium disabled:opacity-50\"\u001b[39m\n  \u001b[33mtype\u001b[39m=\u001b[32m\"submit\"\u001b[39m\n\u001b[36m>\u001b[39m\n  \u001b[0mCreate Account\u001b[0m\n\u001b[36m</button>\u001b[39m\n\n(If this is intentional, then use the `*AllBy*` variant of the query (like `queryAllByText`, `getAllByText`, or `findAllByText`)).\n\nIgnored nodes: comments, script, style\n\u001b[36m<body>\u001b[39m\n  \u001b[36m<div>\u001b[39m\n    \u001b[36m<div\u001b[39m\n      \u001b[33mclass\u001b[39m=\u001b[32m\"min-h-screen bg-background text-text\"\u001b[39m\n    \u001b[36m>\u001b[39m\n      \u001b[36m<div\u001b[39m\n        \u001b[33mclass\u001b[39m=\u001b[32m\"flex min-h-screen\"\u001b[39m\n      \u001b[36m>\u001b[39m\n        \u001b[36m<aside\u001b[39m\n          \u001b[33mclass\u001b[39m=\u001b[32m\"w-64 shrink-0 border-r border-border bg-card\"\u001b[39m\n        \u001b[36m>\u001b[39m\n          \u001b[36m<div\u001b[39m\n            \u001b[33mclass\u001b[39m=\u001b[32m\"px-4 py-4\"\u001b[39m\n          \u001b[36m>\u001b[39m\n            \u001b[36m<h1\u001b[39m\n              \u001b[33mclass\u001b[39m=\u001b[32m\"text-xl font-bold text-text tracking-tight\"\u001b[39m\n            \u001b[36m>\u001b[39m\n              \u001b[0mScroogeBank\u001b[0m\n            \u001b[36m</h1>\u001b[39m\n          \u001b[36m</div>\u001b[39m\n          \u001b[36m<nav\u001b[39m\n            \u001b[33mclass\u001b[39m=\u001b[32m\"p-3 space-y-1\"\u001b[39m\n          \u001b[36m>\u001b[39m\n            \u001b[36m<a\u001b[39m\n              \u001b[33mclass\u001b[39m=\u001b[32m\"flex items-center gap-2 rounded-md px-3 py-2 text-sm transition-colors text-text hover:bg-background-lighter\"\u001b[39m\n              \u001b[33mdata-discover\u001b[39m=\u001b[32m\"true\"\u001b[39m\n              \u001b[33mhref\u001b[39m=\u001b[32m\"/user\"\u001b[39m\n            \u001b[36m>\u001b[39m\n              \u001b[0mHome\u001b[0m\n            \u001b[36m</a>\u001b[39m\n            \u001b[36m<a\u001b[39m\n              \u001b[33mclass\u001b[39m=\u001b[32m\"flex items-center gap-2 rounded-md px-3 py-2 text-sm transition-colors text-text hover:bg-background-lighter\"\u001b[39m\n              \u001b[33mdata-discover\u001b[39m=\u001b[32m\"true\"\u001b[39m\n              \u001b[33mhref\u001b[39m=\u001b[32m\"/user/clients\"\u001b[39m\n            \u001b[36m>\u001b[39m\n              \u001b[0mMy Clients\u001b[0m\n            \u001b[36m</a>\u001b[39m\n            \u001b[36m<a\u001b[39m\n              \u001b[33mclass\u001b[39m=\u001b[32m\"flex items-center gap-2 rounded-md px-3 py-2 text-sm transition-colors text-text hover:bg-background-lighter\"\u001b[39m\n              \u001b[33mdata-discover\u001b[39m=\u001b[32m\"true\"\u001b[39m\n              \u001b[33mhref\u001b[39m=\u001b[32m\"/user/clients/new\"\u001b[39m\n            \u001b[36m>\u001b[39m\n              \u001b[0mCreate Client\u001b[0m\n            \u001b[36m</a>\u001b[39m\n            \u001b[36m<a\u001b[39m\n              \u001b[33mclass\u001b[39m=\u001b[32m\"flex items-center gap-2 rounded-md px-3 py-2 text-sm transition-colors text-text hover:bg-background-lighter\"\u001b[39m\n              \u001b[33mdata-discover\u001b[39m=\u001b[32m\"true\"\u001b[39m\n              \u001b[33mhref\u001b[39m=\u001b[32m\"/user/transactions\"\u001b[39m\n            \u001b[36m>\u001b[39m\n              \u001b[0mTransactions\u001b[0m\n            \u001b[36m</a>\u001b[39m\n            \u001b[36m<a\u001b[39m\n              \u001b[33mclass\u001b[39m=\u001b[32m\"flex items-center gap-2 rounded-md px-3 py-2 text-sm transition-colors text-text hover:bg-background-lighter\"\u001b[39m\n              \u001b[33mdata-discover\u001b[39m=\u001b[32m\"true\"\u001b[39m\n              \u001b[33mhref\u001b[39m=\u001b[32m\"/user/aml-alerts\"\u001b[39m\n            \u001b[36m>\u001b[39m\n              \u001b[0mAML Alerts\u001b[0m\n            \u001b[36m</a>\u001b[39m\n          \u001b[36m</nav>\u001b[39m\n        \u001b[36m</aside>\u001b[39m\n        \u001b[36m<main\u001b[39m\n          \u001b[33mclass\u001b[39m=\u001b[32m\"flex-1 min-w-0\"\u001b[39m\n        \u001b[36m>\u001b[39m\n          \u001b[36m<header\u001b[39m\n            \u001b[33mclass\u001b[39m=\u001b[32m\"flex items-center px-4 py-3 border-b border-border bg-card\"\u001b[39m\n          \u001b[36m>\u001b[39m\n            \u001b[36m<button\u001b[39m\n              \u001b[33mclass\u001b[39m=\u001b[32m\"rounded-md border border-border p-2\"\u001b[39m\n            \u001b[36m>\u001b[39m\n              \u001b[0m≪\u001b[0m\n            \u001b[36m</button>\u001b[39m\n          \u001b[36m</header>\u001b[39m\n          \u001b[36m<div\u001b[39m\n            \u001b[33mclass\u001b[39m=\u001b[32m\"p-6\"\u001b[39m\n          \u001b[36m>\u001b[39m\n            \u001b[36m<nav>\u001b[39m\n              \u001b[36m<div\u001b[39m\n                \u001b[33mclass\u001b[39m=\u001b[32m\"flex justify-between h-16 items-center px-4\"\u001b[39m\n              \u001b[36m>\u001b[39m\n                \u001b[36m<div\u001b[39m\n                  \u001b[33mclass\u001b[39m=\u001b[32m\"flex items-center space-x-4\"\u001b[39m\n                \u001b[36m>\u001b[39m\n                  \u001b[36m<button\u001b[39m\n                    \u001b[33mclass\u001b[39m=\u001b[32m\"text-text-muted hover:text-text text-sm\"\u001b[39m\n                  \u001b[36m>\u001b[39m\n                    \u001b[0m← \u001b[0m\n                    \u001b[0mJohn\u001b[0m\n                    \u001b[0m \u001b[0m\n                    \u001b[0mDoe\u001b[0m\n                  \u001b[36m</button>\u001b[39m\n                  \u001b[36m<span\u001b[39m\n                    \u001b[33mclass\u001b[39m=\u001b[32m\"text-text-muted\"\u001b[39m\n                  \u001b[36m>\u001b[39m\n                    \u001b[0m/\u001b[0m\n                  \u001b[36m</span>\u001b[39m\n                  \u001b[36m<h1\u001b[39m\n                    \u001b[33mclass\u001b[39m=\u001b[32m\"text-xl font-bold text-text\"\u001b[39m\n                  \u001b[36m>\u001b[39m\n                    \u001b[0mBank Accounts\u001b[0m\n                  \u001b[36m</h1>\u001b[39m\n                \u001b[36m</div>\u001b[39m\n                \u001b[36m<button\u001b[39m\n                  \u001b[33mclass\u001b[39m=\u001b[32m\"px-4 py-2 rounded-lg bg-danger hover:bg-danger-hover text-white font-medium transition-colors\"\u001b[39m\n                \u001b[36m>\u001b[39m\n                  \u001b[0mLogout\u001b[0m\n                \u001b[36m</button>\u001b[39m\n              \u001b[36m</div>\u001b[39m\n            \u001b[36m</nav>\u001b[39m\n            \u001b[36m<main\u001b[39m\n              \u001b[33mclass\u001b[39m=\u001b[32m\"mt-6 space-y-6\"\u001b[39m\n            \u001b[36m>\u001b[39m\n              \u001b[36m<div\u001b[39m\n                \u001b[33mclass\u001b[39m=\u001b[32m\"bg-card border border-border rounded-lg\"\u001b[39m\n              \u001b[36m>\u001b[39m\n                \u001b[36m<div\u001b[39m\n                  \u001b[33mclass\u001b[39m=\u001b[32m\"px-6 py-4 border-b border-border flex items-center justify-between\"\u001b[39m\n                \u001b[36m>\u001b[39m\n                  \u001b[36m<h2\u001b[39m\n                    \u001b[33mclass\u001b[39m=\u001b[32m\"text-lg font-bold text-text\"\u001b[39m\n                  \u001b[36m>\u001b[39m\n                    \u001b[0mAccounts\u001b[0m\n                  \u001b[36m</h2>\u001b[39m\n                  \u001b[36m<button\u001b[39m\n                    \u001b[33mclass\u001b[39m=\u001b[32m\"px-4 py-2 rounded bg-primary hover:bg-primary-hover text-white text-sm font-medium\"\u001b[39m\n                  \u001b[36m>\u001b[39m\n                    \u001b[0m+ New Account\u001b[0m\n                  \u001b[36m</button>\u001b[39m\n                \u001b[36m</div>\u001b[39m\n                \u001b[36m<div\u001b[39m\n                  \u001b[33mclass\u001b[39m=\u001b[32m\"overflow-x-auto\"\u001b[39m\n                \u001b[36m>\u001b[39m\n                  \u001b[36m<table\u001b[39m\n                    \u001b[33mclass\u001b[39m=\u001b[32m\"w-full\"\u001b[39m\n                  \u001b[36m>\u001b[39m\n                    \u001b[36m<thead\u001b[39m\n                      \u001b[33mclass\u001b[39m=\u001b[32m\"bg-background-light\"\u001b[39m\n                    \u001b[36m>\u001b[39m\n                      \u001b[36m<tr>\u001b[39m\n                        \u001b[36m<th\u001b[39m\n                          \u001b[33mclass\u001b[39m=\u001b[32m\"px-6 py-3 text-left text-xs font-medium text-text-muted uppercase tracking-wider\"\u001b[39m\n                        \u001b[36m>\u001b[39m\n                          \u001b[0mAccount ID\u001b[0m\n                        \u001b[36m</th>\u001b[39m\n                        \u001b[36m<th\u001b[39m\n                          \u001b[33mclass\u001b[39m=\u001b[32m\"px-6 py-3 text-left text-xs font-medium text-text-muted uppercase tracking-wider\"\u001b[39m\n                        \u001b[36m>\u001b[39m\n                          \u001b[0mType\u001b[0m\n                        \u001b[36m</th>\u001b[39m\n                        \u001b[36m<th\u001b[39m\n                          \u001b[33mclass\u001b[39m=\u001b[32m\"px-6 py-3 text-left text-xs font-medium text-text-muted uppercase tracking-wider\"\u001b[39m\n                        \u001b[36m>\u001b[39m\n                          \u001b[0mStatus\u001b[0m\n                        \u001b[36m</th>\u001b[39m\n                        \u001b[36m<th\u001b[39m\n                          \u001b[33mclass\u001b[39m=\u001b[32m\"px-6 py-3 text-left text-xs font-medium text-text-muted uppercase tracking-wider\"\u001b[39m\n                        \u001b[36m>\u001b[39m\n                          \u001b[0mOpened\u001b[0m\n                        \u001b[36m</th>\u001b[39m\n                        \u001b[36m<th\u001b[39m\n                          \u001b[33mclass\u001b[39m=\u001b[32m\"px-6 py-3 text-right text-xs font-medium text-text-muted uppercase tracking-wider\"\u001b[39m\n                        \u001b[36m>\u001b[39m\n                          \u001b[0mInitial Deposit\u001b[0m\n                        \u001b[36m</th>\u001b[39m\n                        \u001b[36m<th\u001b[39m\n                          \u001b[33mclass\u001b[39m=\u001b[32m\"px-6 py-3 text-left text-xs font-medium text-text-muted uppercase tracking-wider\"\u001b[39m\n                        \u001b[36m>\u001b[39m\n                          \u001b[0mBranch\u001b[0m\n                        \u001b[36m</th>\u001b[39m\n                        \u001b[36m<th\u001b[39m\n                          \u001b[33mclass\u001b[39m=\u001b[32m\"px-6 py-3 text-right text-xs font-medium text-text-muted uppercase tracking-wider\"\u001b[39m\n                        \u001b[36m>\u001b[39m\n                          \u001b[0mActions\u001b[0m\n                        \u001b[36m</th>\u001b[39m\n                      \u001b[36m</tr>\u001b[39m\n                    \u001b[36m</thead>\u001b[39m\n                    \u001b[36m<tbody\u001b[39m\n                      \u001b[33mclass\u001b[39m=\u001b[32m\"divide-y divide-border\"\u001b[39m\n                    \u001b[36m>\u001b[39m\n                      \u001b[36m<tr\u001b[39m\n                        \u001b[33mclass\u001b[39m=\u001b[32m\"hover:bg-background-light\"\u001b[39m\n                      \u001b[36m>\u001b[39m\n                        \u001b[36m<td\u001b[39m\n                          \u001b[33mclass\u001b[39m=\u001b[32m\"px-6 py-3 text-sm text-text font-mono\"\u001b[39m\n                        \u001b[36m>\u001b[39m\n                          \u001b[0maccount-\u001b[0m\n                          \u001b[0m…\u001b[0m\n                        \u001b[36m</td>\u001b[39m\n                        \u001b[36m<td\u001b[39m\n                          \u001b[33mclass\u001b[39m=\u001b[32m\"px-6 py-3 text-sm text-text\"\u001b[39m\n                        \u001b[36m>\u001b[39m\n                          \u001b[0mSavings\u001b[0m\n                        \u001b[36m</td>\u001b[39m\n                        \u001b[36m<td\u001b[39m\n                          \u001b[33mclass\u001b[39m=\u001b[32m\"px-6 py-3\"\u001b[39m\n                        \u001b[36m>\u001b[39m\n                          \u001b[36m<span\u001b[39m\n                            \u001b[33mclass\u001b[39m=\u001b[32m\"px-2 py-1 rounded text-xs font-medium bg-success/20 text-success\"\u001b[39m\n                          \u001b[36m>\u001b[39m\n                            \u001b[0mActive\u001b[0m\n                          \u001b[36m</span>\u001b[39m\n                        \u001b[36m</td>\u001b[39m\n                        \u001b[36m<td\u001b[39m\n                          \u001b[33mclass\u001b[39m=\u001b[32m\"px-6 py-3 text-sm text-text\"\u001b[39m\n                        \u001b[36m>\u001b[39m\n                          \u001b[0m1 Jan 2024\u001b[0m\n                        \u001b[36m</td>\u001b[39m\n                        \u001b[36m<td\u001b[39m\n                          \u001b[33mclass\u001b[39m=\u001b[32m\"px-6 py-3 text-sm text-text text-right font-medium\"\u001b[39m\n                        \u001b[36m>\u001b[39m\n                          \u001b[0m$1,000.00\u001b[0m\n                        \u001b[36m</td>\u001b[39m\n                        \u001b[36m<td\u001b[39m\n                          \u001b[33mclass\u001b[39m=\u001b[32m\"px-6 py-3 text-sm text-text\"\u001b[39m\n                        \u001b[36m>\u001b[39m\n                          \u001b[0mbranch-001\u001b[0m\n                        \u001b[36m</td>\u001b[39m\n                        \u001b[36m<td\u001b[39m\n                          \u001b[33mclass\u001b[39m=\u001b[32m\"px-6 py-3 text-right space-x-2\"\u001b[39m\n                        \u001b[36m>\u001b[39m\n                          \u001b[36m<button\u001b[39m\n                            \u001b[33mclass\u001b[39m=\u001b[32m\"text-primary hover:underline text-sm\"\u001b[39m\n                          \u001b[36m>\u001b[39m\n                            \u001b[0mEdit\u001b[0m\n                          \u001b[36m</button>\u001b[39m\n                          \u001b[36m<button\u001b[39m\n                            \u001b[33mclass\u001b[39m=\u001b[32m\"text-danger hover:underline text-sm\"\u001b[39m\n                          \u001b[36m>\u001b[39m\n                            \u001b[0mDelete\u001b[0m\n                          \u001b[36m</button>\u001b[39m\n                        \u001b[36m</td>\u001b[39m\n                      \u001b[36m</tr>\u001b[39m\n                      \u001b[36m<tr\u001b[39m\n                        \u001b[33mclass\u001b[39m=\u001b[32m\"hover:bg-background-light\"\u001b[39m\n                      \u001b[36m>\u001b[39m\n                        \u001b[36m<td\u001b[39m\n                          \u001b[33mclass\u001b[39m=\u001b[32m\"px-6 py-3 text-sm text-text font-mono\"\u001b[39m\n                        \u001b[36m>\u001b[39m\n                          \u001b[0maccount-\u001b[0m\n                          \u001b[0m…\u001b[0m\n                        \u001b[36m</td>\u001b[39m\n                        \u001b[36m<td\u001b[39m\n                          \u001b[33mclass\u001b[39m=\u001b[32m\"px-6 py-3 text-sm text-text\"\u001b[39m\n                        \u001b[36m>\u001b[39m\n                          \u001b[0mChecking\u001b[0m\n                        \u001b[36m</td>\u001b[39m\n                        \u001b[36m<td\u001b[39m\n                          \u001b[33mclass\u001b[39m=\u001b[32m\"px-6 py-3\"\u001b[39m\n                        \u001b[36m>\u001b[39m\n                          \u001b[36m<span\u001b[39m\n                            \u001b[33mclass\u001b[39m=\u001b[32m\"px-2 py-1 rounded text-xs font-medium bg-warning/20 text-warning\"\u001b[39m\n                          \u001b[36m>\u001b[39m\n                            \u001b[0mPending\u001b[0m\n                          \u001b[36m</span>\u001b[39m\n                        \u001b[36m</td>\u001b[39m\n                        \u001b[36m<td\u001b[39m\n                          \u001b[33mclass\u001b[39m=\u001b[32m\"px-6 py-3 text-sm text-text\"\u001b[39m\n                        \u001b[36m>\u001b[39m\n                          \u001b[0m1 Feb 2024\u001b[0m\n                        \u001b[36m</td>\u001b[39m\n                        \u001b[36m<td\u001b[39m\n                          \u001b[33mclass\u001b[39m=\u001b[32m\"px-6 py-3 text-sm text-text text-right font-medium\"\u001b[39m\n                        \u001b[36m>\u001b[39m\n                          \u001b[0m$500.00\u001b[0m\n                        \u001b[36m</td>\u001b[39m\n                        \u001b[36m<td\u001b[39m\n                          \u001b[33mclass\u001b[39m=\u001b[32m\"px-6 py-3 text-sm text-text\"\u001b[39m\n                        \u001b[36m>\u001b[39m\n                          \u001b[0mbranch-002\u001b[0m\n                        \u001b[36m</td>\u001b[39m\n                        \u001b[36m<td\u001b[39m\n                          \u001b[33mclass\u001b[39m=\u001b[32m\"px-6 py-3 text-right space-x-2\"\u001b[39m\n                        \u001b[36m>\u001b[39m\n                          \u001b[36m<button\u001b[39m\n                            \u001b[33mclass\u001b[39m=\u001b[32m\"text-primary hover:underline text-sm\"\u001b[39m\n                          \u001b[36m>\u001b[39m\n                            \u001b[0mEdit\u001b[0m\n                          \u001b[36m</button>\u001b[39m\n                          \u001b[36m<button\u001b[39m\n                            \u001b[33mclass\u001b[39m=\u001b[32m\"text-danger hover:underline text-sm\"\u001b[39m\n                          \u001b[36m>\u001b[39m\n                            \u001b[0mDelete\u001b[0m\n                          \u001b[36m</button>\u001b[39m\n                        \u001b[36m</td>\u001b[39m\n                      \u001b[36m</tr>\u001b[39m\n                    \u001b[36m</tbody>\u001b[39m\n                  \u001b[36m</table>\u001b[39m\n                \u001b[36m</div>\u001b[39m\n              \u001b[36m</div>\u001b[39m\n              \u001b[36m<div\u001b[39m\n                \u001b[33mclass\u001b[39m=\u001b[32m\"fixed inset-0 bg-black/50 flex items-center justify-center z-50\"\u001b[39m\n                \u001b[33mdata-testid\u001b[39m=\u001b[32m\"account-modal\"\u001b[39m\n              \u001b[36m>\u001b[39m\n                \u001b[36m<div\u001b[39m\n                  \u001b[33mclass\u001b[39m=\u001b[32m\"bg-card border border-border rounded-lg p-6 w-full max-w-lg mx-4\"\u001b[39m\n                \u001b[36m>\u001b[39m\n                  \u001b[36m<h2\u001b[39m\n                    \u001b[33mclass\u001b[39m=\u001b[32m\"text-lg font-bold text-text mb-4\"\u001b[39m\n                  \u001b[36m>\u001b[39m\n                    \u001b[0mCreate Account\u001b[0m\n                  \u001b[36m</h2>\u001b[39m\n                  \u001b[36m<form\u001b[39m\n                    \u001b[33mclass\u001b[39m=\u001b[32m\"space-y-4\"\u001b[39m\n                  \u001b[36m>\u001b[39m\n                    \u001b[36m<div>\u001b[39m\n                      \u001b[36m<label\u001b[39m\n                        \u001b[33mclass\u001b[39m=\u001b[32m\"block text-sm font-medium text-text mb-1\"\u001b[39m\n                      \u001b[36m>\u001b[39m\n                        \u001b[0mAccount Type\u001b[0m\n                      \u001b[36m</label>\u001b[39m\n                      \u001b[36m<select\u001b[39m\n                        \u001b[33mclass\u001b[39m=\u001b[32m\"w-full px-4 py-2 bg-background-light border border-border rounded-lg text-text\"\u001b[39m\n                      \u001b[36m>\u001b[39m\n                        \u001b[36m<option\u001b[39m\n                          \u001b[33mvalue\u001b[39m=\u001b[32m\"Savings\"\u001b[39m\n                        \u001b[36m>\u001b[39m\n                          \u001b[0mSavings\u001b[0m\n                        \u001b[36m</option>\u001b[39m\n                        \u001b[36m<option\u001b[39m\n                          \u001b[33mvalue\u001b[39m=\u001b[32m\"Checking\"\u001b[39m\n                        \u001b[36m>\u001b[39m\n                          \u001b[0mChecking\u001b[0m\n                        \u001b[36m</option>\u001b[39m\n                        \u001b[36m<option\u001b[39m\n                          \u001b[33mvalue\u001b[39m=\u001b[32m\"Business\"\u001b[39m\n                        \u001b[36m>\u001b[39m\n                          \u001b[0mBusiness\u001b[0m\n                        \u001b[36m</option>\u001b[39m\n                      \u001b[36m</select>\u001b[39m\n                    \u001b[36m</div>\u001b[39m\n                    \u001b[36m<div>\u001b[39m\n                      \u001b[36m<label\u001b[39m\n                        \u001b[33mclass\u001b[39m=\u001b[32m\"block text-sm font-medium text-text mb-1\"\u001b[39m\n                      \u001b[36m>\u001b[39m\n                        \u001b[0mAccount Status\u001b[0m\n                      \u001b[36m</label>\u001b[39m\n                      \u001b[36m<select\u001b[39m\n                        \u001b[33mclass\u001b[39m=\u001b[32m\"w-full px-4 py-2 bg-background-light border border-border rounded-lg text-text\"\u001b[39m\n                      \u001b[36m>\u001b[39m\n                        \u001b[36m<option\u001b[39m\n                          \u001b[33mvalue\u001b[39m=\u001b[32m\"Active\"\u001b[39m\n                        \u001b[36m>\u001b[39m\n                          \u001b[0mActive\u001b[0m\n                        \u001b[36m</option>\u001b[39m\n                        \u001b[36m<option\u001b[39m\n                          \u001b[33mvalue\u001b[39m=\u001b[32m\"Inactive\"\u001b[39m\n                        \u001b[36m>\u001b[39m\n                          \u001b[0mInactive\u001b[0m\n                        \u001b[36m</option>\u001b[39m\n                        \u001b[36m<option\u001b[39m\n                          \u001b[33mvalue\u001b[39m=\u001b[32m\"Pending\"\u001b[39m\n                        \u001b[36m>\u001b[39m\n                          \u001b[0mPending\u001b[0m\n                        \u001b[36m</option>\u001b[39m\n                      \u001b[36m</select>\u001b[39m\n                    \u001b[36m</div>\u001b[39m\n                    \u001b[36m<div>\u001b[39m\n                      \u001b[36m<label\u001b[39m\n                        \u001b[33mclass\u001b[39m=\u001b[32m\"block text-sm font-medium text-text mb-1\"\u001b[39m\n                      \u001b[36m>\u001b[39m\n                        \u001b[0mInitial Deposit (SGD)\u001b[0m\n                      \u001b[36m</label>\u001b[39m\n                      \u001b[36m<input\u001b[39m\n                        \u001b[33mclass\u001b[39m=\u001b[32m\"w-full px-4 py-2 bg-background-light border border-border rounded-lg text-text\"\u001b[39m\n                        \u001b[33mmin\u001b[39m=\u001b[32m\"0\"\u001b[39m\n                        \u001b[33mstep\u001b[39m=\u001b[32m\"0.01\"\u001b[39m\n                        \u001b[33mtype\u001b[39m=\u001b[32m\"number\"\u001b[39m\n                        \u001b[33mvalue\u001b[39m=\u001b[32m\"0\"\u001b[39m\n                      \u001b[36m/>\u001b[39m\n                    \u001b[36m</div>\u001b[39m\n                    \u001b[36m<div>\u001b[39m\n                      \u001b[36m<label\u001b[39m\n                        \u001b[33mclass\u001b[39m=\u001b[32m\"block text-sm font-medium text-text mb-1\"\u001b[39m\n                      \u001b[36m>\u001b[39m\n                        \u001b[0mCurrency\u001b[0m\n                      \u001b[36m</label>\u001b[39m\n                      \u001b[36m<input\u001b[39m\n                        \u001b[33mclass\u001b[39m=\u001b[32m\"w-full px-4 py-2 bg-background-light border border-border rounded-lg text-text\"\u001b[39m\n                        \u001b[33mtype\u001b[39m=\u001b[32m\"text\"\u001b[39m\n                        \u001b[33mvalue\u001b[39m=\u001b[32m\"SGD\"\u001b[39m\n                      \u001b[36m/>\u001b[39m\n                    \u001b[36m</div>\u001b[39m\n                    \u001b[36m<div>\u001b[39m\n                      \u001b[36m<label\u001b[39m\n                        \u001b[33mclass\u001b[39m=\u001b[32m\"block text-sm font-medium text-text mb-1\"\u001b[39m\n                      \u001b[36m>\u001b[39m\n                        \u001b[0mOpening Date\u001b[0m\n                      \u001b[36m</label>\u001b[39m\n                      \u001b[36m<input\u001b[39m\n                        \u001b[33mclass\u001b[39m=\u001b[32m\"w-full px-4 py-2 bg-background-light border border-border rounded-lg text-text\"\u001b[39m\n                        \u001b[33mtype\u001b[39m=\u001b[32m\"date\"\u001b[39m\n                        \u001b[33mvalue\u001b[39m=\u001b[32m\"2026-03-13\"\u001b[39m\n                      \u001b[36m/>\u001b[39m\n                    \u001b[36m</div>\u001b[39m\n                    \u001b[36m<div>\u001b[39m\n                      \u001b[36m<label\u001b[39m\n                        \u001b[33mclass\u001b[39m=\u001b[32m\"block text-sm font-medium text-text mb-1\"\u001b[39m\n                      \u001b[36m>\u001b[39m\n                        \u001b[0mBranch ID \u001b[0m\n                        \u001b[36m<span\u001b[39m\n                          \u001b[33mclass\u001b[39m=\u001b[32m\"text-danger\"\u001b[39m\n                        \u001b[36m>\u001b[39m\n                          \u001b[0m*\u001b[0m\n                        \u001b[36m</span>\u001b[39m\n                      \u001b[36m</label>\u001b[39m\n                      \u001b[36m<input\u001b[39m\n                        \u001b[33mclass\u001b[39m=\u001b[32m\"w-full px-4 py-2 bg-background-light border border-border rounded-lg text-text\"\u001b[39m\n                        \u001b[33mtype\u001b[39m=\u001b[32m\"text\"\u001b[39m\n                        \u001b[33mvalue\u001b[39m=\u001b[32m\"\"\u001b[39m\n                      \u001b[36m/>\u001b[39m\n                    \u001b[36m</div>\u001b[39m\n                    \u001b[36m<div\u001b[39m\n                      \u001b[33mclass\u001b[39m=\u001b[32m\"flex justify-end space-x-3 pt-2\"\u001b[39m\n                    \u001b[36m>\u001b[39m\n                      \u001b[36m<button\u001b[39m\n                        \u001b[33mclass\u001b[39m=\u001b[32m\"px-4 py-2 bg-background-light hover:bg-background-lighter text-text rounded-lg text-sm font-medium\"\u001b[39m\n                        \u001b[33mtype\u001b[39m=\u001b[32m\"button\"\u001b[39m\n                      \u001b[36m>\u001b[39m\n                        \u001b[0mCancel\u001b[0m\n                      \u001b[36m</button>\u001b[39m\n                      \u001b[36m<button\u001b[39m\n                        \u001b[33mclass\u001b[39m=\u001b[32m\"px-4 py-2 bg-primary hover:bg-primary-hover text-white rounded-lg text-sm font-medium disabled:opacity-50\"\u001b[39m\n                        \u001b[33mtype\u001b[39m=\u001b[32m\"submit\"\u001b[39m\n                      \u001b[36m>\u001b[39m\n                        \u001b[0mCreate Account\u001b[0m\n                      \u001b[36m</button>\u001b[39m\n                    \u001b[36m</div>\u001b[39m\n                  \u001b[36m</form>\u001b[39m\n                \u001b[36m</div>\u001b[39m\n              \u001b[36m</div>\u001b[39m\n            \u001b[36m</main>\u001b[39m\n          \u001b
[...]
6":2,"37":1,"38":1,"39":1,"40":6,"41":72,"42":12,"43":12,"44":1,"45":10,"46":10,"47":1,"48":0},"f":{"0":72,"1":14,"2":14,"3":12,"4":10,"5":0},"b":{"0":[3,11],"1":[1,10],"2":[5,9],"3":[1,8],"4":[7,7],"5":[2,0],"6":[1,1],"7":[3,1],"8":[1,2],"9":[1,1],"10":[1,0],"11":[72,4],"12":[1,11],"13":[4,68],"14":[72,4],"15":[1,9],"16":[7,65],"17":[72,7],"18":[7,65],"19":[7,65],"20":[72,0],"21":[0,0]},"meta":{"lastBranch":22,"lastFunction":6,"lastStatement":49,"seen":{"f:8:16:8:28":0,"s:9:8:9:Infinity":0,"s:10:16:10:Infinity":1,"s:12:30:15:Infinity":2,"s:16:26:16:Infinity":3,"s:17:38:17:Infinity":4,"s:18:32:18:Infinity":5,"s:20:23:37:Infinity":6,"f:20:23:20:38":1,"s:21:67:21:Infinity":7,"b:23:4:27:Infinity:25:4:27:Infinity":0,"s:23:4:27:Infinity":8,"s:24:6:24:Infinity":9,"b:25:4:27:Infinity:undefined:undefined:undefined:undefined":1,"s:25:4:27:Infinity":10,"s:26:6:26:Infinity":11,"b:29:4:33:Infinity:31:4:33:Infinity":2,"s:29:4:33:Infinity":12,"s:30:6:30:Infinity":13,"b:31:4:33:Infinity:undefined:undefined:undefined:undefined":3,"s:31:4:33:Infinity":14,"s:32:6:32:Infinity":15,"s:35:4:35:Infinity":16,"s:36:4:36:Infinity":17,"s:39:23:80:Infinity":18,"f:39:23:39:30":2,"s:40:4:40:Infinity":19,"s:41:4:41:Infinity":20,"b:43:4:45:Infinity:undefined:undefined:undefined:undefined":4,"s:43:4:45:Infinity":21,"s:44:6:44:Infinity":22,"s:47:4:47:Infinity":23,"s:49:4:79:Infinity":24,"s:50:6:50:Infinity":25,"s:53:25:53:Infinity":26,"b:54:6:64:Infinity:62:13:64:Infinity":5,"s:54:6:64:Infinity":27,"s:55:21:55:Infinity":28,"b:57:8:61:Infinity:59:15:61:Infinity":6,"s:57:8:61:Infinity":29,"s:58:10:58:Infinity":30,"s:60:10:60:Infinity":31,"s:63:8:63:Infinity":32,"b:66:6:76:Infinity:74:13:76:Infinity":7,"s:66:6:76:Infinity":33,"b:67:8:73:Infinity:69:8:73:Infinity":8,"s:67:8:73:Infinity":34,"s:68:10:68:Infinity":35,"b:69:8:73:Infinity:71:15:73:Infinity":9,"s:69:8:73:Infinity":36,"s:70:10:70:Infinity":37,"s:72:10:72:Infinity":38,"b:72:26:72:41:72:41:72:74":10,"s:75:8:75:Infinity":39,"s:78:6:78:Infinity":40,"s:82:2:182:Infinity":41,"b:89:11:89:Infinity:90:12:92:Infinity":11,"f:105:26:105:31":3,"s:106:18:106:Infinity":42,"b:107:18:109:Infinity:undefined:undefined:undefined:undefined":12,"s:107:18:109:Infinity":43,"s:108:20:108:Infinity":44,"b:112:33:112:51:112:51:112:Infinity":13,"b:117:15:117:31:117:31:117:Infinity":14,"f:129:26:129:31":4,"s:130:18:130:Infinity":45,"b:131:18:133:Infinity:undefined:undefined:undefined:undefined":15,"s:131:18:133:Infinity":46,"s:132:20:132:Infinity":47,"b:136:36:136:54:136:54:136:Infinity":16,"b:141:15:141:34:141:34:141:Infinity":17,"b:149:28:149:65:149:65:149:Infinity":18,"b:152:27:152:45:152:45:152:Infinity":19,"b:156:11:156:Infinity:157:12:178:Infinity":20,"b:164:47:164:54:164:54:164:Infinity":21,"f:171:25:171:31":5,"s:172:18:172:Infinity":48}}},"C:\\code\\work\\smu-cs301-project\\project-2025-26-t2-project-2025-26t2-g2-t3\\services\\frontend\\crm-ui\\src\\pages\\UserViewTransactions.tsx":{"path":"C:\\code\\work\\smu-cs301-project\\project-2025-26-t2-project-2025-26t2-g2-t3\\services\\frontend\\crm-ui\\src\\pages\\UserViewTransactions.tsx","statementMap":{"0":{"start":{"line":9,"column":28},"end":{"line":14,"column":null}},"1":{"start":{"line":16,"column":23},"end":{"line":16,"column":null}},"2":{"start":{"line":19,"column":17},"end":{"line":19,"column":null}},"3":{"start":{"line":20,"column":21},"end":{"line":20,"column":null}},"4":{"start":{"line":21,"column":28},"end":{"line":21,"column":null}},"5":{"start":{"line":22,"column":38},"end":{"line":22,"column":null}},"6":{"start":{"line":23,"column":24},"end":{"line":23,"column":null}},"7":{"start":{"line":24,"column":36},"end":{"line":24,"column":null}},"8":{"start":{"line":25,"column":32},"end":{"line":25,"column":null}},"9":{"start":{"line":26,"column":24},"end":{"line":26,"column":null}},"10":{"start":{"line":28,"column":28},"end":{"line":35,"column":null}},"11":{"start":{"line":37,"column":28},"end":{"line":82,"column":null}},"12":{"start":{"line":38,"column":4},"end":{"line":38,"column":null}},"13":{"start":{"line":39,"column":4},"end":{"line":39,"column":null}},"14":{"start":{"line":41,"column":4},"end":{"line":81,"column":null}},"15":{"start":{"line":42,"column":45},"end":{"line":45,"column":null}},"16":{"start":{"line":47,"column":6},"end":{"line":47,"column":null}},"17":{"start":{"line":47,"column":28},"end":{"line":47,"column":null}},"18":{"start":{"line":48,"column":6},"end":{"line":48,"column":null}},"19":{"start":{"line":48,"column":26},"end":{"line":48,"column":null}},"20":{"start":{"line":49,"column":6},"end":{"line":49,"column":null}},"21":{"start":{"line":49,"column":31},"end":{"line":49,"column":null}},"22":{"start":{"line":50,"column":6},"end":{"line":50,"column":null}},"23":{"start":{"line":50,"column":28},"end":{"line":50,"column":null}},"24":{"start":{"line":51,"column":6},"end":{"line":51,"column":null}},"25":{"start":{"line":51,"column":26},"end":{"line":51,"column":null}},"26":{"start":{"line":53,"column":23},"end":{"line":53,"column":null}},"27":{"start":{"line":55,"column":25},"end":{"line":55,"column":null}},"28":{"start":{"line":58,"column":6},"end":{"line":65,"column":null}},"29":{"start":{"line":59,"column":28},"end":{"line":59,"column":null}},"30":{"start":{"line":60,"column":8},"end":{"line":64,"column":null}},"31":{"start":{"line":62,"column":12},"end":{"line":63,"column":null}},"32":{"start":{"line":67,"column":6},"end":{"line":67,"column":null}},"33":{"start":{"line":68,"column":6},"end":{"line":68,"column":null}},"34":{"start":{"line":70,"column":6},"end":{"line":78,"column":null}},"35":{"start":{"line":71,"column":8},"end":{"line":75,"column":null}},"36":{"start":{"line":72,"column":10},"end":{"line":72,"column":null}},"37":{"start":{"line":74,"column":10},"end":{"line":74,"column":null}},"38":{"start":{"line":77,"column":8},"end":{"line":77,"column":null}},"39":{"start":{"line":80,"column":6},"end":{"line":80,"column":null}},"40":{"start":{"line":84,"column":2},"end":{"line":87,"column":null}},"41":{"start":{"line":85,"column":4},"end":{"line":85,"column":null}},"42":{"start":{"line":89,"column":29},"end":{"line":92,"column":null}},"43":{"start":{"line":90,"column":4},"end":{"line":90,"column":null}},"44":{"start":{"line":91,"column":4},"end":{"line":91,"column":null}},"45":{"start":{"line":94,"column":23},"end":{"line":104,"column":null}},"46":{"start":{"line":95,"column":4},"end":{"line":102,"column":null}},"47":{"start":{"line":103,"column":4},"end":{"line":103,"column":null}},"48":{"start":{"line":106,"column":25},"end":{"line":114,"column":null}},"49":{"start":{"line":107,"column":4},"end":{"line":113,"column":null}},"50":{"start":{"line":116,"column":23},"end":{"line":121,"column":null}},"51":{"start":{"line":117,"column":4},"end":{"line":120,"column":null}},"52":{"start":{"line":123,"column":21},"end":{"line":123,"column":null}},"53":{"start":{"line":125,"column":2},"end":{"line":359,"column":null}},"54":{"start":{"line":161,"column":31},"end":{"line":161,"column":null}},"55":{"start":{"line":172,"column":31},"end":{"line":172,"column":null}},"56":{"start":{"line":181,"column":31},"end":{"line":181,"column":null}},"57":{"start":{"line":195,"column":31},"end":{"line":195,"column":null}},"58":{"start":{"line":209,"column":31},"end":{"line":209,"column":null}},"59":{"start":{"line":219,"column":31},"end":{"line":219,"column":null}},"60":{"start":{"line":277,"column":22},"end":{"line":314,"column":null}},"61":{"start":{"line":328,"column":37},"end":{"line":328,"column":null}},"62":{"start":{"line":342,"column":37},"end":{"line":342,"column":null}}},"fnMap":{"0":{"name":"UserViewTransactions","decl":{"start":{"line":18,"column":16},"end":{"line":18,"column":40}},"loc":{"start":{"line":18,"column":40},"end":{"line":361,"column":null}},"line":18},"1":{"name":"(anonymous_1)","decl":{"start":{"line":37,"column":28},"end":{"line":37,"column":35}},"loc":{"start":{"line":37,"column":52},"end":{"line":82,"column":null}},"line":37},"2":{"name":"(anonymous_2)","decl":{"start":{"line":61,"column":10},"end":{"line":61,"column":null}},"loc":{"start":{"line":62,"column":12},"end":{"line":63,"column":null}},"line":62},"3":{"name":"(anonymous_3)","decl":{"start":{"line":84,"column":12},"end":{"line":84,"column":18}},"loc":{"start":{"line":84,"column":18},"end":{"line":87,"column":5}},"line":84},"4":{"name":"(anonymous_4)","decl":{"start":{"line":89,"column":29},"end":{"line":89,"column":30}},"loc":{"start":{"line":89,"column":61},"end":{"line":92,"column":null}},"line":89},"5":{"name":"(anonymous_5)","decl":{"start":{"line":94,"column":23},"end":{"line":94,"column":29}},"loc":{"start":{"line":94,"column":29},"end":{"line":104,"column":null}},"line":94},"6":{"name":"(anonymous_6)","decl":{"start":{"line":106,"column":25},"end":{"line":106,"column":26}},"loc":{"start":{"line":106,"column":49},"end":{"line":114,"column":null}},"line":106},"7":{"name":"(anonymous_7)","decl":{"start":{"line":116,"column":23},"end":{"line":116,"column":24}},"loc":{"start":{"line":116,"column":43},"end":{"line":121,"column":null}},"line":116},"8":{"name":"(anonymous_8)","decl":{"start":{"line":161,"column":26},"end":{"line":161,"column":31}},"loc":{"start":{"line":161,"column":31},"end":{"line":161,"column":null}},"line":161},"9":{"name":"(anonymous_9)","decl":{"start":{"line":172,"column":26},"end":{"line":172,"column":31}},"loc":{"start":{"line":172,"column":31},"end":{"line":172,"column":null}},"line":172},"10":{"name":"(anonymous_10)","decl":{"start":{"line":181,"column":26},"end":{"line":181,"column":31}},"loc":{"start":{"line":181,"column":31},"end":{"line":181,"column":null}},"line":181},"11":{"name":"(anonymous_11)","decl":{"start":{"line":195,"column":26},"end":{"line":195,"column":31}},"loc":{"start":{"line":195,"column":31},"end":{"line":195,"column":null}},"line":195},"12":{"name":"(anonymous_12)","decl":{"start":{"line":209,"column":26},"end":{"line":209,"column":31}},"loc":{"start":{"line":209,"column":31},"end":{"line":209,"column":null}},"line":209},"13":{"name":"(anonymous_13)","decl":{"start":{"line":219,"column":26},"end":{"line":219,"column":31}},"loc":{"start":{"line":219,"column":31},"end":{"line":219,"column":null}},"line":219},"14":{"name":"(anonymous_14)","decl":{"start":{"line":276,"column":38},"end":{"line":276,"column":null}},"loc":{"start":{"line":277,"column":22},"end":{"line":314,"column":null}},"line":277},"15":{"name":"(anonymous_15)","decl":{"start":{"line":328,"column":31},"end":{"line":328,"column":37}},"loc":{"start":{"line":328,"column":37},"end":{"line":328,"column":null}},"line":328},"16":{"name":"(anonymous_16)","decl":{"start":{"line":342,"column":31},"end":{"line":342,"column":37}},"loc":{"start":{"line":342,"column":37},"end":{"line":342,"column":null}},"line":342}},"branchMap":{"0":{"loc":{"start":{"line":21,"column":28},"end":{"line":21,"column":null}},"type":"binary-expr","locations":[{"start":{"line":21,"column":28},"end":{"line":21,"column":60}},{"start":{"line":21,"column":60},"end":{"line":21,"column":null}}],"line":21},"1":{"loc":{"start":{"line":47,"column":6},"end":{"line":47,"column":null}},"type":"if","locations":[{"start":{"line":47,"column":6},"end":{"line":47,"column":null}},{"start":{},"end":{}}],"line":47},"2":{"loc":{"start":{"line":48,"column":6},"end":{"line":48,"column":null}},"type":"if","locations":[{"start":{"line":48,"column":6},"end":{"line":48,"column":null}},{"start":{},"end":{}}],"line":48},"3":{"loc":{"start":{"line":49,"column":6},"end":{"line":49,"column":null}},"type":"if","locations":[{"start":{"line":49,"column":6},"end":{"line":49,"column":null}},{"start":{},"end":{}}],"line":49},"4":{"loc":{"start":{"line":50,"column":6},"end":{"line":50,"column":null}},"type":"if","locations":[{"start":{"line":50,"column":6},"end":{"line":50,"column":null}},{"start":{},"end":{}}],"line":50},"5":{"loc":{"start":{"line":51,"column":6},"end":{"line":51,"column":null}},"type":"if","locations":[{"start":{"line":51,"column":6},"end":{"line":51,"column":null}},{"start":{},"end":{}}],"line":51},"6":{"loc":{"start":{"line":58,"column":6},"end":{"line":65,"column":null}},"type":"if","locations":[{"start":{"line":58,"column":6},"end":{"line":65,"column":null}},{"start":{},"end":{}}],"line":58},"7":{"loc":{"start":{"line":62,"column":12},"end":{"line":63,"column":null}},"type":"binary-expr","locations":[{"start":{"line":62,"column":12},"end":{"line":62,"column":null}},{"start":{"line":63,"column":12},"end":{"line":63,"column":null}}],"line":62},"8":{"loc":{"start":{"line":68,"column":15},"end":{"line":68,"column":46}},"type":"binary-expr","locations":[{"start":{"line":68,"column":15},"end":{"line":68,"column":45}},{"start":{"line":68,"column":45},"end":{"line":68,"column":46}}],"line":68},"9":{"loc":{"start":{"line":70,"column":6},"end":{"line":78,"column":null}},"type":"if","locations":[{"start":{"line":70,"column":6},"end":{"line":78,"column":null}},{"start":{"line":76,"column":13},"end":{"line":78,"column":null}}],"line":70},"10":{"loc":{"start":{"line":71,"column":8},"end":{"line":75,"column":null}},"type":"if","locations":[{"start":{"line":71,"column":8},"end":{"line":75,"column":null}},{"start":{"line":73,"column":15},"end":{"line":75,"column":null}}],"line":71},"11":{"loc":{"start":{"line":74,"column":19},"end":{"line":74,"column":63}},"type":"binary-expr","locations":[{"start":{"line":74,"column":19},"end":{"line":74,"column":34}},{"start":{"line":74,"column":34},"end":{"line":74,"column":63}}],"line":74},"12":{"loc":{"start":{"line":146,"column":9},"end":{"line":149,"column":null}},"type":"binary-expr","locations":[{"start":{"line":146,"column":9},"end":{"line":146,"column":null}},{"start":{"line":147,"column":10},"end":{"line":149,"column":null}}],"line":146},"13":{"loc":{"start":{"line":240,"column":11},"end":{"line":355,"column":null}},"type":"cond-expr","locations":[{"start":{"line":241,"column":12},"end":{"line":246,"column":null}},{"start":{"line":247,"column":14},"end":{"line":355,"column":null}}],"line":240},"14":{"loc":{"start":{"line":247,"column":14},"end":{"line":355,"column":null}},"type":"cond-expr","locations":[{"start":{"line":248,"column":12},"end":{"line":248,"column":null}},{"start":{"line":250,"column":12},"end":{"line":355,"column":null}}],"line":247},"15":{"loc":{"start":{"line":290,"column":30},"end":{"line":292,"column":null}},"type":"cond-expr","locations":[{"start":{"line":291,"column":34},"end":{"line":291,"column":null}},{"start":{"line":292,"column":34},"end":{"line":292,"column":null}}],"line":290},"16":{"loc":{"start":{"line":295,"column":29},"end":{"line":295,"column":null}},"type":"cond-expr","locations":[{"start":{"line":295,"column":63},"end":{"line":295,"column":75}},{"start":{"line":295,"column":75},"end":{"line":295,"column":null}}],"line":295},"17":{"loc":{"start":{"line":304,"column":30},"end":{"line":308,"column":null}},"type":"cond-expr","locations":[{"start":{"line":305,"column":34},"end":{"line":305,"column":null}},{"start":{"line":306,"column":34},"end":{"line":308,"column":null}}],"line":304},"18":{"loc":{"start":{"line":306,"column":34},"end":{"line":308,"column":null}},"type":"cond-expr","locations":[{"start":{"line":307,"column":36},"end":{"line":307,"column":null}},{"start":{"line":308,"column":36},"end":{"line":308,"column":null}}],"line":306},"19":{"loc":{"start":{"line":320,"column":15},"end":{"line":353,"column":null}},"type":"binary-expr","locations":[{"start":{"line":320,"column":15},"end":{"line":320,"column":null}},{"start":{"line":321,"column":16},"end":{"line":353,"column":null}}],"line":320},"20":{"loc":{"start":{"line":331,"column":24},"end":{"line":333,"column":null}},"type":"cond-expr","locations":[{"start":{"line":332,"column":28},"end":{"line":332,"column":null}},{"start":{"line":333,"column":28},"end":{"line":333,"column":null}}],"line":331},"21":{"loc":{"start":{"line":345,"column":24},"end":{"line":347,"column":null}},"type":"cond-expr","locations":[{"start":{"line":346,"column":28},"end":{"line":346,"column":null}},{"start":{"line":347,"column":28},"end":{"line":347,"column":null}}],"line":345}},"s":{"0":1,"1":1,"2":58,"3":58,"4":58,"5":58,"6":58,"7":58,"8":58,"9":58,"10":58,"11":58,"12":27,"13":27,"14":27,"15":27,"16":27,"17":0,"18":27,"19":1,"20":27,"21":1,"22":27,"23":0,"24":27,"25":0,"26":27,"27":21,"28":21,"29":0,"30":0,"31":0,"32":21,"33":21,"34":5,"35":4,"36":1,"37":3,"38":1,"39":26,"40":58,"41":27,"42":58,"43":2,"44":2,"45":58,"46":0,"47":0,"48":58,"49":204,"50":58,"51":204,"52":58,"53":58,"54":0,"55":0,"56":1,"57":1,"58":0,"59":0,"60":204,"61":1,"62":3},"f":{"0":58,"1":27,"2":0,"3":27,"4":2,"5":0,"6":204,"7":204,"8":0,"9":0,"10":1,"11":1,"12":0,"13":0,"14":204,"15":1,"16":3},"b":{"0":[58,58],"1":[0,27],"2":[1,26],"3":[1,26],"4":[0,27],"5":[0,27],"6":[0,21],"7":[0,0],"8":[21,1],"9":[4,1],"10":[1,3],"11":[3,0],"12":[58,4],"13":[27,31],"14":[6,25],"15":[193,11],"16":[193,11],"17":[193,11],"18":[11,0],"19":[25,12],"20":[6,6],"21":[6,6]},"meta":{"lastBranch":22,"lastFunction":17,"lastStatement":63,"seen":{"s:9:28:14:Infinity":0,"s:16:23:16:Infinity":1,"f:18:16:18:40":0,"s:19:17:19:Infinity":2,"s:20:21:20:Infinity":3,"s:21:28:21:Infinity":4,"b:21:28:21:60:21:60:21:Infinity":0,"s:22:38:22:Infinity":5,"s:23:24:23:Infinity":6,"s:24:36:24:Infinity":7,"s:25:32:25:Infinity":8,"s:26:24:26:Infinity":9,"s:28:28:35:Infinity":10,"s:37:28:82:Infinity":11,"f:37:28:37:35":1,"s:38:4:38:Infinity":12,"s:39:4:39:Infinity":13,"s:41:4:81:Infinity":14,"s:42:45:45:Infinity":15,"b:47:6:47:Infinity:undefined:undefined:undefined:undefined":1,"s:47:6:47:Infinity":16,"s:47:28:47:Infinity":17,"b:48:6:48:Infinity:undefined:undefined:undefined:undefined":2,"s:48:6:48:Infinity":18,"s:48:26:48:Infinity":19,"b:49:6:49:Infinity:undefined:undefined:undefined:undefined":3,"s:49:6:49:Infinity":20,"s:49:31:49:Infinity":21,"b:50:6:50:Infinity:undefined:undefined:undefined:undefined":4,"s:50:6:50:Infinity":22,"s:50:28:50:Infinity":23,"b:51:6:51:Infinity:undefined:undefined:undefined:undefined":5,"s:51:6:51:Infinity":24,"s:51:26:51:Infinity":25,"s:53:23:53:Infinity":26,"s:55:25:55:Infinity":27,"b:58:6:65:Infinity:undefined:undefined:undefined:undefined":6,"s:58:6:65:Infinity":28,"s:59:28:59:Infinity":29,"s:60:8:64:Infinity":30,"f:61:10:61:Infinity":2,"s:62:12:63:Infinity":31,"b:62:12:62:Infinity:63:12:63:Infinity":7,"s:67:6:67:Infinity":32,"s:68:6:68:Infinity":33,"b:68:15:68:45:68:45:68:46":8,"b:70:6:78:Infinity:76:13:78:Infinity":9,"s:70:6:78:Infinity":34,"b:71:8:75:Infinity:73:15:75:Infinity":10,"s:71:8:75:Infinity":35,"s:72:10:72:Infinity":36,"s:74:10:74:Infinity":37,"b:74:19:74:34:74:34:74:63":11,"s:77:8:77:Infinity":38,"s:80:6:80:Infinity":39,"s:84:2:87:Infinity":40,"f:84:12:84:18":3,"s:85:4:85:Infinity":41,"s:89:29:92:Infinity":42,"f:89:29:89:30":4,"s:90:4:90:Infinity":43,"s:91:4:91:Infinity":44,"s:94:23:104:Infinity":45,"f:94:23:94:29":5,"s:95:4:102:Infinity":46,"s:103:4:103:Infinity":47,"s:106:25:114:Infinity":48,"f:106:25:106:26":6,"s:107:4:113:Infinity":49,"s:116:23:121:Infinity":50,"f:116:23:116:24":7,"s:117:4:120:Infinity":51,"s:123:21:123:Infinity":52,"s:125:2:359:Infinity":53,"b:146:9:146:Infinity:147:10:149:Infinity":12,"f:161:26:161:31":8,"s:161:31:161:Infinity":54,"f:172:26:172:31":9,"s:172:31:172:Infinity":55,"f:181:26:181:31":10,"s:181:31:181:Infinity":56,"f:195:26:195:31":11,"s:195:31:195:Infinity":57,"f:209:26:209:31":12,"s:209:31:209:Infinity":58,"f:219:26:219:31":13,"s:219:31:219:Infinity":59,"b:241:12:246:Infinity:247:14:355:Infinity":13,"b:248:12:248:Infinity:250:12:355:Infinity":14,"f:276:38:276:Infinity":14,"s:277:22:314:Infinity":60,"b:291:34:291:Infinity:292:34:292:Infinity":15,"b:295:63:295:75:295:75:295:Infinity":16,"b:305:34:305:Infinity:306:34:308:Infinity":17,"b:307:36:307:Infinity:308:36:308:Infinity":18,"b:320:15:320:Infinity:321:16:353:Infinity":19,"f:328:31:328:37":15,"s:328:37:328:Infinity":61,"b:332:28:332:Infinity:333:28:333:Infinity":20,"f:342:31:342:37":16,"s:342:37:342:Infinity":62,"b:346:28:346:Infinity:347:28:347:Infinity":21}}}}}